Local IP is 10.0.0.1
Remote IP is 10.0.0.2
Using local addr: s
Using remote addr: c
Saving packets to lab-server.pcap
TCP state transitioned from CLOSED to LISTEN
Listening on 80 port
RX: 45 00 00 2C 00 00 00 00 40 06 66 CA 0A 00 00 02 0A 00 00 01 BB FD 00 50 C4 F2 92 48 00 00 00 00 60 02 28 00 4E 4A 00 00 02 04 00 05
Remote MSS is 5
TX: 45 00 00 2C 00 00 00 00 40 06 66 CA 0A 00 00 01 0A 00 00 02 00 50 BB FD C4 F2 92 74 C4 F2 92 49 60 12 28 00 F6 D1 00 00 02 04 00 05
full_ack = 0
|* Push Retransmission Queue *|
|* Push Packet *|
retransmission queue size = 1
TCP state transitioned from CLOSED to SYN_RCVD
|* Retransmission *|
RX: 45 00 00 28 00 00 00 00 40 06 66 CE 0A 00 00 02 0A 00 00 01 BB FD 00 50 C4 F2 92 49 C4 F2 92 75 50 10 28 00 08 E0 00 00
|* Pop Retransmission Queue *|
retransmission queue size = 0
TCP state transitioned from SYN_RCVD to ESTABLISHED
Got new TCP connection: fd=1
RX: 45 00 00 2D 00 00 00 00 40 06 66 C9 0A 00 00 02 0A 00 00 01 BB FD 00 50 C4 F2 92 49 C4 F2 92 75 50 10 28 00 3E 75 00 00 47 45 54 20 2F
|* Pop Retransmission Queue *|
retransmission queue size = 0
Received 5 bytes from server
TX: 45 00 00 28 00 00 00 00 40 06 66 CE 0A 00 00 01 0A 00 00 02 00 50 BB FD C4 F2 92 75 C4 F2 92 4E 50 10 27 FB 08 E0 00 00
Read 'GET /' from tcp
RX: 45 00 00 2D 00 00 00 00 40 06 66 C9 0A 00 00 02 0A 00 00 01 BB FD 00 50 C4 F2 92 4E C4 F2 92 75 50 10 28 00 C3 01 00 00 69 6E 64 65 78
|* Pop Retransmission Queue *|
retransmission queue size = 0
Received 5 bytes from server
TX: 45 00 00 28 00 00 00 00 40 06 66 CE 0A 00 00 01 0A 00 00 02 00 50 BB FD C4 F2 92 75 C4 F2 92 53 50 10 27 FB 08 DB 00 00
RX: 45 00 00 2D 00 00 00 00 40 06 66 C9 0A 00 00 02 0A 00 00 01 BB FD 00 50 C4 F2 92 53 C4 F2 92 75 50 10 28 00 F9 FA 00 00 2E 68 74 6D 6C
|* Pop Retransmission Queue *|
retransmission queue size = 0
Received 5 bytes from server
TX: 45 00 00 28 00 00 00 00 40 06 66 CE 0A 00 00 01 0A 00 00 02 00 50 BB FD C4 F2 92 75 C4 F2 92 58 50 10 27 F6 08 DB 00 00
Read 'index.html' from tcp
RX: 45 00 00 2D 00 00 00 00 40 06 66 C9 0A 00 00 02 0A 00 00 01 BB FD 00 50 C4 F2 92 58 C4 F2 92 75 50 10 28 00 44 2F 00 00 20 48 54 54 50
|* Pop Retransmission Queue *|
retransmission queue size = 0
Received 5 bytes from server
TX: 45 00 00 28 00 00 00 00 40 06 66 CE 0A 00 00 01 0A 00 00 02 00 50 BB FD C4 F2 92 75 C4 F2 92 5D 50 10 27 FB 08 D1 00 00
RX: 45 00 00 2D 00 00 00 00 40 06 66 C9 0A 00 00 02 0A 00 00 01 BB FD 00 50 C4 F2 92 5D C4 F2 92 75 50 10 28 00 9E 64 00 00 2F 31 2E 31 0D
|* Pop Retransmission Queue *|
retransmission queue size = 0
Received 5 bytes from server
TX: 45 00 00 28 00 00 00 00 40 06 66 CE 0A 00 00 01 0A 00 00 02 00 50 BB FD C4 F2 92 75 C4 F2 92 62 50 10 27 F6 08 D1 00 00
RX: 45 00 00 2D 00 00 00 00 40 06 66 C9 0A 00 00 02 0A 00 00 01 BB FD 00 50 C4 F2 92 62 C4 F2 92 75 50 10 28 00 36 1D 00 00 0A 41 63 63 65
|* Pop Retransmission Queue *|
retransmission queue size = 0
Received 5 bytes from server
TX: 45 00 00 28 00 00 00 00 40 06 66 CE 0A 00 00 01 0A 00 00 02 00 50 BB FD C4 F2 92 75 C4 F2 92 67 50 10 27 F1 08 D1 00 00
RX: 45 00 00 2D 00 00 00 00 40 06 66 C9 0A 00 00 02 0A 00 00 01 BB FD 00 50 C4 F2 92 67 C4 F2 92 75 50 10 28 00 34 28 00 00 70 74 3A 20 2A
|* Pop Retransmission Queue *|
retransmission queue size = 0
Received 5 bytes from server
TX: 45 00 00 28 00 00 00 00 40 06 66 CE 0A 00 00 01 0A 00 00 02 00 50 BB FD C4 F2 92 75 C4 F2 92 6C 50 10 27 EC 08 D1 00 00
Read ' HTTP/1.1
Accept: *' from tcp
RX: 45 00 00 2D 00 00 00 00 40 06 66 C9 0A 00 00 02 0A 00 00 01 BB FD 00 50 C4 F2 92 6C C4 F2 92 75 50 10 28 00 84 83 00 00 2F 2A 0D 0A 48
|* Pop Retransmission Queue *|
retransmission queue size = 0
Received 5 bytes from server
TX: 45 00 00 28 00 00 00 00 40 06 66 CE 0A 00 00 01 0A 00 00 02 00 50 BB FD C4 F2 92 75 C4 F2 92 71 50 10 27 FB 08 BD 00 00
RX: 45 00 00 2D 00 00 00 00 40 06 66 C9 0A 00 00 02 0A 00 00 01 BB FD 00 50 C4 F2 92 71 C4 F2 92 75 50 10 28 00 05 05 00 00 6F 73 74 3A 20
Recv packet dropped
RX: 45 00 00 2D 00 00 00 00 40 06 66 C9 0A 00 00 02 0A 00 00 01 BB FD 00 50 C4 F2 92 76 C4 F2 92 75 50 10 28 00 7B 4D 00 00 31 30 2E 30 2E
|* Pop Retransmission Queue *|
retransmission queue size = 0
Received 5 bytes from server
|* Push Out of Order Queue *|
out_of_order queue size = 1
TX: 45 00 00 28 00 00 00 00 40 06 66 CE 0A 00 00 01 0A 00 00 02 00 50 BB FD C4 F2 92 75 C4 F2 92 71 50 10 27 FB 08 BD 00 00
RX: 45 00 00 2D 00 00 00 00 40 06 66 C9 0A 00 00 02 0A 00 00 01 BB FD 00 50 C4 F2 92 7B C4 F2 92 75 50 10 28 00 9D 6D 00 00 30 2E 31 0D 0A
Recv packet dropped
RX: 45 00 00 2D 00 00 00 00 40 06 66 C9 0A 00 00 02 0A 00 00 01 BB FD 00 50 C4 F2 92 80 C4 F2 92 75 50 10 28 00 F1 C5 00 00 43 6F 6E 6E 65
|* Pop Retransmission Queue *|
retransmission queue size = 0
Received 5 bytes from server
|* Push Out of Order Queue *|
out_of_order queue size = 2
TX: 45 00 00 28 00 00 00 00 40 06 66 CE 0A 00 00 01 0A 00 00 02 00 50 BB FD C4 F2 92 75 C4 F2 92 71 50 10 27 FB 08 BD 00 00
RX: 45 00 00 2D 00 00 00 00 40 06 66 C9 0A 00 00 02 0A 00 00 01 BB FD 00 50 C4 F2 92 85 C4 F2 92 75 50 10 28 00 CD BA 00 00 63 74 69 6F 6E
|* Pop Retransmission Queue *|
retransmission queue size = 0
Received 5 bytes from server
|* Push Out of Order Queue *|
out_of_order queue size = 3
TX: 45 00 00 28 00 00 00 00 40 06 66 CE 0A 00 00 01 0A 00 00 02 00 50 BB FD C4 F2 92 75 C4 F2 92 71 50 10 27 FB 08 BD 00 00
RX: 45 00 00 2D 00 00 00 00 40 06 66 C9 0A 00 00 02 0A 00 00 01 BB FD 00 50 C4 F2 92 8A C4 F2 92 75 50 10 28 00 1C 0D 00 00 3A 20 43 6C 6F
|* Pop Retransmission Queue *|
retransmission queue size = 0
Received 5 bytes from server
|* Push Out of Order Queue *|
out_of_order queue size = 4
TX: 45 00 00 28 00 00 00 00 40 06 66 CE 0A 00 00 01 0A 00 00 02 00 50 BB FD C4 F2 92 75 C4 F2 92 71 50 10 27 FB 08 BD 00 00
RX: 45 00 00 2C 00 00 00 00 40 06 66 CA 0A 00 00 02 0A 00 00 01 BB FD 00 50 C4 F2 92 8F C4 F2 92 75 50 10 28 00 88 26 00 00 73 65 0D 0A
|* Pop Retransmission Queue *|
retransmission queue size = 0
Received 4 bytes from server
|* Push Out of Order Queue *|
out_of_order queue size = 5
TX: 45 00 00 28 00 00 00 00 40 06 66 CE 0A 00 00 01 0A 00 00 02 00 50 BB FD C4 F2 92 75 C4 F2 92 71 50 10 27 FB 08 BD 00 00
Read '/*
H' from tcp
RX: 45 00 00 2A 00 00 00 00 40 06 66 CC 0A 00 00 02 0A 00 00 01 BB FD 00 50 C4 F2 92 93 C4 F2 92 75 50 10 28 00 FB 89 00 00 0D 0A
|* Pop Retransmission Queue *|
retransmission queue size = 0
Received 2 bytes from server
|* Push Out of Order Queue *|
out_of_order queue size = 6
TX: 45 00 00 28 00 00 00 00 40 06 66 CE 0A 00 00 01 0A 00 00 02 00 50 BB FD C4 F2 92 75 C4 F2 92 71 50 10 28 00 08 B8 00 00
RX: 45 00 00 2D 00 00 00 00 40 06 66 C9 0A 00 00 02 0A 00 00 01 BB FD 00 50 C4 F2 92 71 C4 F2 92 75 50 10 28 00 05 05 00 00 6F 73 74 3A 20
|* Pop Retransmission Queue *|
retransmission queue size = 0
Received 5 bytes from server
|* Reorder *|
out_of_order queue size = 5
|* Reorder *|
TX: 45 00 00 28 00 00 00 00 40 06 66 CE 0A 00 00 01 0A 00 00 02 00 50 BB FD C4 F2 92 75 C4 F2 92 7B 50 10 27 F6 08 B8 00 00
Read 'ost: 10.0.' from tcp
RX: 45 00 00 2D 00 00 00 00 40 06 66 C9 0A 00 00 02 0A 00 00 01 BB FD 00 50 C4 F2 92 7B C4 F2 92 75 50 10 28 00 9D 6D 00 00 30 2E 31 0D 0A
|* Pop Retransmission Queue *|
retransmission queue size = 0
Received 5 bytes from server
|* Reorder *|
out_of_order queue size = 4
|* Reorder *|
out_of_order queue size = 3
|* Reorder *|
out_of_order queue size = 2
|* Reorder *|
out_of_order queue size = 1
|* Reorder *|
out_of_order queue size = 0
TX: 45 00 00 28 00 00 00 00 40 06 66 CE 0A 00 00 01 0A 00 00 02 00 50 BB FD C4 F2 92 75 C4 F2 92 95 50 10 27 E6 08 AE 00 00
RX: 45 00 00 2D 00 00 00 00 40 06 66 C9 0A 00 00 02 0A 00 00 01 BB FD 00 50 C4 F2 92 80 C4 F2 92 75 50 10 28 00 F1 C5 00 00 43 6F 6E 6E 65
TX: 45 00 00 28 00 00 00 00 40 06 66 CE 0A 00 00 01 0A 00 00 02 00 50 BB FD C4 F2 92 75 C4 F2 92 95 50 10 27 E6 08 AE 00 00
RX: 45 00 00 2D 00 00 00 00 40 06 66 C9 0A 00 00 02 0A 00 00 01 BB FD 00 50 C4 F2 92 85 C4 F2 92 75 50 10 28 00 CD BA 00 00 63 74 69 6F 6E
TX: 45 00 00 28 00 00 00 00 40 06 66 CE 0A 00 00 01 0A 00 00 02 00 50 BB FD C4 F2 92 75 C4 F2 92 95 50 10 27 E6 08 AE 00 00
RX: 45 00 00 2D 00 00 00 00 40 06 66 C9 0A 00 00 02 0A 00 00 01 BB FD 00 50 C4 F2 92 8A C4 F2 92 75 50 10 28 00 1C 0D 00 00 3A 20 43 6C 6F
TX: 45 00 00 28 00 00 00 00 40 06 66 CE 0A 00 00 01 0A 00 00 02 00 50 BB FD C4 F2 92 75 C4 F2 92 95 50 10 27 E6 08 AE 00 00
RX: 45 00 00 2C 00 00 00 00 40 06 66 CA 0A 00 00 02 0A 00 00 01 BB FD 00 50 C4 F2 92 8F C4 F2 92 75 50 10 28 00 88 26 00 00 73 65 0D 0A
TX: 45 00 00 28 00 00 00 00 40 06 66 CE 0A 00 00 01 0A 00 00 02 00 50 BB FD C4 F2 92 75 C4 F2 92 95 50 10 27 E6 08 AE 00 00
RX: 45 00 00 2A 00 00 00 00 40 06 66 CC 0A 00 00 02 0A 00 00 01 BB FD 00 50 C4 F2 92 93 C4 F2 92 75 50 10 28 00 FB 89 00 00 0D 0A
TX: 45 00 00 28 00 00 00 00 40 06 66 CE 0A 00 00 01 0A 00 00 02 00 50 BB FD C4 F2 92 75 C4 F2 92 95 50 10 27 E6 08 AE 00 00
Read '0.1
Connection: Close

' from tcp
Sending segment of len 5 to remote
TX: 45 00 00 2D 00 00 00 00 40 06 66 C9 0A 00 00 01 0A 00 00 02 00 50 BB FD C4 F2 92 75 C4 F2 92 95 50 10 28 00 3C EA 00 00 48 54 54 50 2F
full_ack = 3304231546
|* Push Retransmission Queue *|
|* Push Packet *|
retransmission queue size = 1
Restrict by CWND
Write 'HTTP/1.1 200 OK
' to tcp
|* Retransmission *|
RX: 45 00 00 28 00 00 00 00 40 06 66 CE 0A 00 00 02 0A 00 00 01 BB FD 00 50 C4 F2 92 95 C4 F2 92 7A 50 10 27 FB 08 94 00 00
|* Pop Retransmission Queue *|
|* Pop Packet *|
slow start: cwnd = 10 ssthresh = 40
retransmission queue size = 0
Sending segment of len 5 to remote
TX: 45 00 00 2D 00 00 00 00 40 06 66 C9 0A 00 00 01 0A 00 00 02 00 50 BB FD C4 F2 92 7A C4 F2 92 95 50 10 28 00 74 3B 00 00 31 2E 31 20 32
full_ack = 3304231551
|* Push Retransmission Queue *|
|* Push Packet *|
retransmission queue size = 1
Sending segment of len 5 to remote
TX: 45 00 00 2D 00 00 00 00 40 06 66 C9 0A 00 00 01 0A 00 00 02 00 50 BB FD C4 F2 92 7F C4 F2 92 95 50 10 28 00 6D 05 00 00 30 30 20 4F 4B
full_ack = 3304231556
|* Push Retransmission Queue *|
|* Push Packet *|
retransmission queue size = 2
Restrict by CWND
Write 'Content-Length: 13
' to tcp
|* Retransmission *|
|* Retransmission *|
RX: 45 00 00 28 00 00 00 00 40 06 66 CE 0A 00 00 02 0A 00 00 01 BB FD 00 50 C4 F2 92 95 C4 F2 92 7F 50 10 27 FB 08 8F 00 00
|* Pop Retransmission Queue *|
|* Pop Packet *|
slow start: cwnd = 15 ssthresh = 40
retransmission queue size = 1
RX: 45 00 00 28 00 00 00 00 40 06 66 CE 0A 00 00 02 0A 00 00 01 BB FD 00 50 C4 F2 92 95 C4 F2 92 84 50 10 27 F6 08 8F 00 00
|* Pop Retransmission Queue *|
|* Pop Packet *|
slow start: cwnd = 20 ssthresh = 40
retransmission queue size = 0
Sending segment of len 5 to remote
TX: 45 00 00 2D 00 00 00 00 40 06 66 C9 0A 00 00 01 0A 00 00 02 00 50 BB FD C4 F2 92 84 C4 F2 92 95 50 10 28 00 4A 06 00 00 0D 0A 43 6F 6E
full_ack = 3304231561
|* Push Retransmission Queue *|
|* Push Packet *|
retransmission queue size = 1
Sending segment of len 5 to remote
TX: 45 00 00 2D 00 00 00 00 40 06 66 C9 0A 00 00 01 0A 00 00 02 00 50 BB FD C4 F2 92 89 C4 F2 92 95 50 10 28 00 F8 A0 00 00 74 65 6E 74 2D
full_ack = 3304231566
|* Push Retransmission Queue *|
|* Push Packet *|
retransmission queue size = 2
Sending segment of len 5 to remote
TX: 45 00 00 2D 00 00 00 00 40 06 66 C9 0A 00 00 01 0A 00 00 02 00 50 BB FD C4 F2 92 8E C4 F2 92 95 50 10 28 00 D9 A8 00 00 4C 65 6E 67 74
full_ack = 3304231571
|* Push Retransmission Queue *|
|* Push Packet *|
retransmission queue size = 3
Sending segment of len 5 to remote
TX: 45 00 00 2D 00 00 00 00 40 06 66 C9 0A 00 00 01 0A 00 00 02 00 50 BB FD C4 F2 92 93 C4 F2 92 95 50 10 28 00 4D 05 00 00 68 3A 20 31 33
full_ack = 3304231576
|* Push Retransmission Queue *|
|* Push Packet *|
retransmission queue size = 4
Restrict by CWND
Write 'Content-Type: text/plain; charset=utf-8
' to tcp
|* Retransmission *|
|* Retransmission *|
|* Retransmission *|
|* Retransmission *|
RX: 45 00 00 28 00 00 00 00 40 06 66 CE 0A 00 00 02 0A 00 00 01 BB FD 00 50 C4 F2 92 95 C4 F2 92 89 50 10 27 FB 08 85 00 00
|* Pop Retransmission Queue *|
|* Pop Packet *|
slow start: cwnd = 25 ssthresh = 40
retransmission queue size = 3
RX: 45 00 00 28 00 00 00 00 40 06 66 CE 0A 00 00 02 0A 00 00 01 BB FD 00 50 C4 F2 92 95 C4 F2 92 8E 50 10 27 F6 08 85 00 00
|* Pop Retransmission Queue *|
|* Pop Packet *|
slow start: cwnd = 30 ssthresh = 40
retransmission queue size = 2
RX: 45 00 00 28 00 00 00 00 40 06 66 CE 0A 00 00 02 0A 00 00 01 BB FD 00 50 C4 F2 92 95 C4 F2 92 93 50 10 27 F1 08 85 00 00
|* Pop Retransmission Queue *|
|* Pop Packet *|
slow start: cwnd = 35 ssthresh = 40
retransmission queue size = 1
RX: 45 00 00 28 00 00 00 00 40 06 66 CE 0A 00 00 02 0A 00 00 01 BB FD 00 50 C4 F2 92 95 C4 F2 92 98 50 10 27 EC 08 85 00 00
|* Pop Retransmission Queue *|
|* Pop Packet *|
slow start: cwnd = 40 ssthresh = 40
TCP Reno state transitioned from SLOW_START to CONGESTION_AVOIDANCE
retransmission queue size = 0
Sending segment of len 5 to remote
TX: 45 00 00 2D 00 00 00 00 40 06 66 C9 0A 00 00 01 0A 00 00 02 00 50 BB FD C4 F2 92 98 C4 F2 92 95 50 10 28 00 49 F2 00 00 0D 0A 43 6F 6E
full_ack = 3304231581
|* Push Retransmission Queue *|
|* Push Packet *|
retransmission queue size = 1
Sending segment of len 5 to remote
TX: 45 00 00 2D 00 00 00 00 40 06 66 C9 0A 00 00 01 0A 00 00 02 00 50 BB FD C4 F2 92 9D C4 F2 92 95 50 10 28 00 F8 8C 00 00 74 65 6E 74 2D
full_ack = 3304231586
|* Push Retransmission Queue *|
|* Push Packet *|
retransmission queue size = 2
Sending segment of len 5 to remote
TX: 45 00 00 2D 00 00 00 00 40 06 66 C9 0A 00 00 01 0A 00 00 02 00 50 BB FD C4 F2 92 A2 C4 F2 92 95 50 10 28 00 09 83 00 00 54 79 70 65 3A
full_ack = 3304231591
|* Push Retransmission Queue *|
|* Push Packet *|
retransmission queue size = 3
Sending segment of len 5 to remote
TX: 45 00 00 2D 00 00 00 00 40 06 66 C9 0A 00 00 01 0A 00 00 02 00 50 BB FD C4 F2 92 A7 C4 F2 92 95 50 10 28 00 0E 70 00 00 20 74 65 78 74
full_ack = 3304231596
|* Push Retransmission Queue *|
|* Push Packet *|
retransmission queue size = 4
Sending segment of len 5 to remote
TX: 45 00 00 2D 00 00 00 00 40 06 66 C9 0A 00 00 01 0A 00 00 02 00 50 BB FD C4 F2 92 AC C4 F2 92 95 50 10 28 00 03 86 00 00 2F 70 6C 61 69
full_ack = 3304231601
|* Push Retransmission Queue *|
|* Push Packet *|
retransmission queue size = 5
Sending segment of len 5 to remote
TX: 45 00 00 2D 00 00 00 00 40 06 66 C9 0A 00 00 01 0A 00 00 02 00 50 BB FD C4 F2 92 B1 C4 F2 92 95 50 10 28 00 11 B4 00 00 6E 3B 20 63 68
full_ack = 3304231606
|* Push Retransmission Queue *|
|* Push Packet *|
retransmission queue size = 6
Sending segment of len 5 to remote
TX: 45 00 00 2D 00 00 00 00 40 06 66 C9 0A 00 00 01 0A 00 00 02 00 50 BB FD C4 F2 92 B6 C4 F2 92 95 50 10 28 00 BF 75 00 00 61 72 73 65 74
full_ack = 3304231611
|* Push Retransmission Queue *|
|* Push Packet *|
retransmission queue size = 7
Sending segment of len 5 to remote
TX: 45 00 00 2D 00 00 00 00 40 06 66 C9 0A 00 00 01 0A 00 00 02 00 50 BB FD C4 F2 92 BB C4 F2 92 95 50 10 28 00 29 6D 00 00 3D 75 74 66 2D
full_ack = 3304231616
|* Push Retransmission Queue *|
|* Push Packet *|
retransmission queue size = 8
Restrict by CWND
Write '
' to tcp
|* Retransmission *|
|* Retransmission *|
|* Retransmission *|
|* Retransmission *|
|* Retransmission *|
|* Retransmission *|
|* Retransmission *|
|* Retransmission *|
RX: 45 00 00 28 00 00 00 00 40 06 66 CE 0A 00 00 02 0A 00 00 01 BB FD 00 50 C4 F2 92 95 C4 F2 92 9D 50 10 27 FB 08 71 00 00
|* Pop Retransmission Queue *|
|* Pop Packet *|
retransmission queue size = 7
RX: 45 00 00 28 00 00 00 00 40 06 66 CE 0A 00 00 02 0A 00 00 01 BB FD 00 50 C4 F2 92 95 C4 F2 92 A2 50 10 27 F6 08 71 00 00
|* Pop Retransmission Queue *|
|* Pop Packet *|
retransmission queue size = 6
RX: 45 00 00 28 00 00 00 00 40 06 66 CE 0A 00 00 02 0A 00 00 01 BB FD 00 50 C4 F2 92 95 C4 F2 92 A7 50 10 27 F1 08 71 00 00
|* Pop Retransmission Queue *|
|* Pop Packet *|
retransmission queue size = 5
RX: 45 00 00 28 00 00 00 00 40 06 66 CE 0A 00 00 02 0A 00 00 01 BB FD 00 50 C4 F2 92 95 C4 F2 92 AC 50 10 27 EC 08 71 00 00
|* Pop Retransmission Queue *|
|* Pop Packet *|
retransmission queue size = 4
RX: 45 00 00 28 00 00 00 00 40 06 66 CE 0A 00 00 02 0A 00 00 01 BB FD 00 50 C4 F2 92 95 C4 F2 92 B1 50 10 27 E7 08 71 00 00
|* Pop Retransmission Queue *|
|* Pop Packet *|
retransmission queue size = 3
RX: 45 00 00 28 00 00 00 00 40 06 66 CE 0A 00 00 02 0A 00 00 01 BB FD 00 50 C4 F2 92 95 C4 F2 92 B6 50 10 27 E2 08 71 00 00
|* Pop Retransmission Queue *|
|* Pop Packet *|
retransmission queue size = 2
RX: 45 00 00 28 00 00 00 00 40 06 66 CE 0A 00 00 02 0A 00 00 01 BB FD 00 50 C4 F2 92 95 C4 F2 92 BB 50 10 27 DD 08 71 00 00
|* Pop Retransmission Queue *|
|* Pop Packet *|
retransmission queue size = 1
RX: 45 00 00 28 00 00 00 00 40 06 66 CE 0A 00 00 02 0A 00 00 01 BB FD 00 50 C4 F2 92 95 C4 F2 92 C0 50 10 27 D8 08 71 00 00
|* Pop Retransmission Queue *|
|* Pop Packet *|
congestion avoidance: cwnd = 45 ssthresh = 40
retransmission queue size = 0
Sending segment of len 5 to remote
TX: 45 00 00 2D 00 00 00 00 40 06 66 C9 0A 00 00 01 0A 00 00 02 00 50 BB FD C4 F2 92 C0 C4 F2 92 95 50 10 28 00 BC 29 00 00 38 0D 0A 0D 0A
full_ack = 3304231621
|* Push Retransmission Queue *|
|* Push Packet *|
retransmission queue size = 1
Sending segment of len 5 to remote
TX: 45 00 00 2D 00 00 00 00 40 06 66 C9 0A 00 00 01 0A 00 00 02 00 50 BB FD C4 F2 92 C5 C4 F2 92 95 50 10 28 00 E4 6C 00 00 48 65 6C 6C 6F
full_ack = 3304231626
|* Push Retransmission Queue *|
|* Push Packet *|
retransmission queue size = 2
Sending segment of len 5 to remote
TX: 45 00 00 2D 00 00 00 00 40 06 66 C9 0A 00 00 01 0A 00 00 02 00 50 BB FD C4 F2 92 CA C4 F2 92 95 50 10 28 00 0C 70 00 00 20 57 6F 72 6C
full_ack = 3304231631
|* Push Retransmission Queue *|
|* Push Packet *|
retransmission queue size = 3
Sending segment of len 3 to remote
TX: 45 00 00 2B 00 00 00 00 40 06 66 CB 0A 00 00 01 0A 00 00 02 00 50 BB FD C4 F2 92 CF C4 F2 92 95 50 10 28 00 9A 15 00 00 64 21 0A
full_ack = 3304231634
|* Push Retransmission Queue *|
|* Push Packet *|
retransmission queue size = 4
Write 'Hello World!
' to tcp
Closing socket 1
TX: 45 00 00 28 00 00 00 00 40 06 66 CE 0A 00 00 01 0A 00 00 02 00 50 BB FD C4 F2 92 D2 00 00 00 00 50 01 28 00 5F CE 00 00
full_ack = 3304231635
|* Push Retransmission Queue *|
|* Push Packet *|
retransmission queue size = 5
TCP state transitioned from ESTABLISHED to FIN_WAIT_1
|* Retransmission *|
|* Retransmission *|
|* Retransmission *|
|* Retransmission *|
|* Retransmission *|
RX: 45 00 00 28 00 00 00 00 40 06 66 CE 0A 00 00 02 0A 00 00 01 BB FD 00 50 C4 F2 92 95 C4 F2 92 C5 50 10 27 FB 08 49 00 00
|* Pop Retransmission Queue *|
|* Pop Packet *|
retransmission queue size = 4
TCP state transitioned from FIN_WAIT_1 to FIN_WAIT_2
RX: 45 00 00 28 00 00 00 00 40 06 66 CE 0A 00 00 02 0A 00 00 01 BB FD 00 50 C4 F2 92 95 C4 F2 92 CA 50 10 27 F6 08 49 00 00
|* Pop Retransmission Queue *|
|* Pop Packet *|
retransmission queue size = 3
RX: 45 00 00 28 00 00 00 00 40 06 66 CE 0A 00 00 02 0A 00 00 01 BB FD 00 50 C4 F2 92 95 C4 F2 92 CF 50 10 27 F1 08 49 00 00
|* Pop Retransmission Queue *|
|* Pop Packet *|
retransmission queue size = 2
RX: 45 00 00 28 00 00 00 00 40 06 66 CE 0A 00 00 02 0A 00 00 01 BB FD 00 50 C4 F2 92 95 C4 F2 92 D2 50 10 27 EE 08 49 00 00
|* Pop Retransmission Queue *|
|* Pop Packet *|
retransmission queue size = 1
RX: 45 00 00 28 00 00 00 00 40 06 66 CE 0A 00 00 02 0A 00 00 01 BB FD 00 50 C4 F2 92 95 C4 F2 92 D3 50 10 27 EE 08 48 00 00
|* Pop Retransmission Queue *|
|* Pop Packet *|
retransmission queue size = 0
RX: 45 00 00 28 00 00 00 00 40 06 66 CE 0A 00 00 02 0A 00 00 01 BB FD 00 50 C4 F2 92 95 00 00 00 00 50 01 28 00 60 0B 00 00
TX: 45 00 00 28 00 00 00 00 40 06 66 CE 0A 00 00 01 0A 00 00 02 00 50 BB FD C4 F2 92 D3 C4 F2 92 96 50 10 28 00 08 35 00 00
TCP state transitioned from FIN_WAIT_2 to TIME_WAIT
TCP state transitioned from TIME_WAIT to TIME_WAIT
|* Time Wait *|
|* Retransmission *|
|* Retransmission *|
|* Retransmission *|
