Local IP is 10.0.0.1
Remote IP is 10.0.0.2
Using local addr: s
Using remote addr: c
Saving packets to lwip-server.pcap
httpd_init
tcp_bind: bind to port 80
RX: 45 00 00 2C 00 00 00 00 FF 06 A7 C9 0A 00 00 02 0A 00 00 01 C0 01 00 50 00 00 19 6D 00 00 00 00 60 02 08 60 A5 A1 00 00 02 04 02 18
TCP header:
+-------------------------------+
|    49153      |       80      | (src port, dest port)
+-------------------------------+
|           0000006509          | (seq no)
+-------------------------------+
|           0000000000          | (ack no)
+-------------------------------+
|  6 |   |000010|      2144     | (hdrlen, flags (SYN 
), win)
+-------------------------------+
|    0xa5a1     |         0     | (chksum, urgp)
+-------------------------------+
tcp_input: packed for LISTENing connection.
TCP connection request 49153 -> 80.
tcp_parseopt: MSS
tcp_enqueue_flags: queueing 6510:6511 (0x12)
tcp_output_segment: 6510:6510
TX: 45 00 00 2C 00 00 00 00 FF 06 A7 C9 0A 00 00 01 0A 00 00 02 00 50 C0 01 00 00 19 6E 00 00 19 6E 60 12 08 60 8C 22 00 00 02 04 02 18
RX: 45 00 00 B7 00 01 00 00 FF 06 A7 3D 0A 00 00 02 0A 00 00 01 C0 01 00 50 00 00 19 6E 00 00 19 6F 50 18 08 60 1F A6 00 00 47 45 54 20 2F 69 6E 64 65 78 2E 68 74 6D 6C 20 48 54 54 50 2F 31 2E 31 0D 0A 55 73 65 72 2D 41 67 65 6E 74 3A 20 6C 77 49 50 2F 32 2E 31 2E 32 20 28 68 74 74 70 3A 2F 2F 73 61 76 61 6E 6E 61 68 2E 6E 6F 6E 67 6E 75 2E 6F 72 67 2F 70 72 6F 6A 65 63 74 73 2F 6C 77 69 70 29 0D 0A 41 63 63 65 70 74 3A 20 2A 2F 2A 0D 0A 48 6F 73 74 3A 20 31 30 2E 30 2E 30 2E 31 0D 0A 43 6F 6E 6E 65 63 74 69 6F 6E 3A 20 43 6C 6F 73 65 0D 0A 0D 0A
TCP header:
+-------------------------------+
|    49153      |       80      | (src port, dest port)
+-------------------------------+
|           0000006510          | (seq no)
+-------------------------------+
|           0000006511          | (ack no)
+-------------------------------+
|  5 |   |011000|      2144     | (hdrlen, flags (PSH ACK 
), win)
+-------------------------------+
|    0x1fa6     |         0     | (chksum, urgp)
+-------------------------------+
+-+-+-+-+-+-+-+-+-+-+-+-+-+- tcp_input: flags PSH ACK 
-+-+-+-+-+-+-+-+-+-+-+-+-+-+
State: SYN_RCVD
TCP connection established 49153 -> 80.
http_accept 0x10d1a0800 / 0x0
tcp_receive: window update 2144
tcp_receive: ACK for 6511, unacked->seqno 6510:6511
tcp_receive: removing 6510:6511 from pcb->unacked
http_recv: pcb=0x10d1a0800 pbuf=0x10d1a361a err=Ok.
tcp_recved: received 143 bytes, wnd 2144 (0).
Received 143 bytes
First pbuf
CRLF received, parsing request
Received GET request"
Received "GET" request for URI: "/index.html"
Opening /index.html
http_recv: data 0x10d17f72c len 1881
http_send: pcb=0x10d1a0800 hs=0x607000000020 left=1881
Trying to send 1072 bytes
tcp_write(pcb=0x10d1a0800, data=0x10d17f72c, len=1072, apiflags=0)
tcp_write: queueing 6511:7047
tcp_write: queueing 7047:7583
Sent 1072 bytes
send_data end.
tcp_output_segment: 6511:7047
TX: 45 00 02 40 00 01 00 00 FF 06 A5 B4 0A 00 00 01 0A 00 00 02 00 50 C0 01 00 00 19 6F 00 00 19 FD 50 10 07 D1 CD 1A 00 00 48 54 54 50 2F 31 2E 30 20 32 30 30 20 4F 4B 0D 0A 53 65 72 76 65 72 3A 20 6C 77 49 50 2F 32 2E 30 2E 33 64 20 28 68 74 74 70 3A 2F 2F 73 61 76 61 6E 6E 61 68 2E 6E 6F 6E 67 6E 75 2E 6F 72 67 2F 70 72 6F 6A 65 63 74 73 2F 6C 77 69 70 29 0D 0A 43 6F 6E 74 65 6E 74 2D 4C 65 6E 67 74 68 3A 20 31 37 35 31 0D 0A 43 6F 6E 74 65 6E 74 2D 54 79 70 65 3A 20 74 65 78 74 2F 68 74 6D 6C 0D 0A 0D 0A 3C 68 74 6D 6C 3E 0D 0A 3C 68 65 61 64 3E 3C 74 69 74 6C 65 3E 6C 77 49 50 20 2D 20 41 20 4C 69 67 68 74 77 65 69 67 68 74 20 54 43 50 2F 49 50 20 53 74 61 63 6B 3C 2F 74 69 74 6C 65 3E 3C 2F 68 65 61 64 3E 0D 0A 3C 62 6F 64 79 20 62 67 63 6F 6C 6F 72 3D 22 77 68 69 74 65 22 20 74 65 78 74 3D 22 62 6C 61 63 6B 22 3E 0D 0A 0D 0A 20 20 20 20 3C 74 61 62 6C 65 20 77 69 64 74 68 3D 22 31 30 30 25 22 3E 0D 0A 20 20 20 20 20 20 3C 74 72 20 76 61 6C 69 67 6E 3D 22 74 6F 70 22 3E 3C 74 64 20 77 69 64 74 68 3D 22 38 30 22 3E 09 20 20 0D 0A 09 20 20 3C 61 20 68 72 65 66 3D 22 68 74 74 70 3A 2F 2F 77 77 77 2E 73 69 63 73 2E 73 65 2F 22 3E 3C 69 6D 67 20 73 72 63 3D 22 2F 69 6D 67 2F 73 69 63 73 2E 67 69 66 22 0D 0A 09 20 20 62 6F 72 64 65 72 3D 22 30 22 20 61 6C 74 3D 22 53 49 43 53 20 6C 6F 67 6F 22 20 74 69 74 6C 65 3D 22 53 49 43 53 20 6C 6F 67 6F 22 3E 3C 2F 61 3E 0D 0A 09 3C 2F 74 64 3E 3C 74 64 20 77 69 64 74 68 3D 22 35 30 30 22 3E 09 20 20 0D 0A 09 20 20 3C 68 31 3E 6C 77 49 50 20 2D 20 41 20 4C 69 67 68 74 77 65 69 67 68 74 20 54 43 50 2F 49 50 20 53 74 61 63 6B 3C 2F 68 31 3E 0D 0A 09 20 20 3C 70 3E 0D 0A 09 20 20 20 20 54 68 65 20 77 65 62 20 70 61 67 65 20 79 6F 75 20 61 72 65 20 77 61 74 63 68 69
tcp_output_segment: 7047:7583
TX: 45 00 02 40 00 02 00 00 FF 06 A5 B3 0A 00 00 01 0A 00 00 02 00 50 C0 01 00 00 1B 87 00 00 19 FD 50 18 07 D1 35 FA 00 00 6E 67 20 77 61 73 20 73 65 72 76 65 64 20 62 79 20 61 20 73 69 6D 70 6C 65 20 77 65 62 0D 0A 09 20 20 20 20 73 65 72 76 65 72 20 72 75 6E 6E 69 6E 67 20 6F 6E 20 74 6F 70 20 6F 66 20 74 68 65 20 6C 69 67 68 74 77 65 69 67 68 74 20 54 43 50 2F 49 50 20 73 74 61 63 6B 20 3C 61 0D 0A 09 20 20 20 20 68 72 65 66 3D 22 68 74 74 70 3A 2F 2F 77 77 77 2E 73 69 63 73 2E 73 65 2F 7E 61 64 61 6D 2F 6C 77 69 70 2F 22 3E 6C 77 49 50 3C 2F 61 3E 2E 0D 0A 09 20 20 3C 2F 70 3E 0D 0A 09 20 20 3C 70 3E 0D 0A 09 20 20 20 20 6C 77 49 50 20 69 73 20 61 6E 20 6F 70 65 6E 20 73 6F 75 72 63 65 20 69 6D 70 6C 65 6D 65 6E 74 61 74 69 6F 6E 20 6F 66 20 74 68 65 20 54 43 50 2F 49 50 0D 0A 09 20 20 20 20 70 72 6F 74 6F 63 6F 6C 20 73 75 69 74 65 20 74 68 61 74 20 77 61 73 20 6F 72 69 67 69 6E 61 6C 6C 79 20 77 72 69 74 74 65 6E 20 62 79 20 3C 61 0D 0A 09 20 20 20 20 68 72 65 66 3D 22 68 74 74 70 3A 2F 2F 77 77 77 2E 73 69 63 73 2E 73 65 2F 7E 61 64 61 6D 2F 6C 77 69 70 2F 22 3E 41 64 61 6D 20 44 75 6E 6B 65 6C 73 0D 0A 09 20 20 20 20 6F 66 20 74 68 65 20 53 77 65 64 69 73 68 20 49 6E 73 74 69 74 75 74 65 20 6F 66 20 43 6F 6D 70 75 74 65 72 20 53 63 69 65 6E 63 65 3C 2F 61 3E 20 62 75 74 20 6E 6F 77 20 69 73 0D 0A 09 20 20 20 20 62 65 69 6E 67 20 61 63 74 69 76 65 6C 79 20 64 65 76 65 6C 6F 70 65 64 20 62 79 20 61 20 74 65 61 6D 20 6F 66 20 64 65 76 65 6C 6F 70 65 72 73 0D 0A 09 20 20 20 20 64 69 73 74 72 69 62 75 74 65 64 20 77 6F 72 6C 64 2D 77 69 64 65 2E 20 53 69 6E 63 65 20 69 74 27 73 20 72 65 6C 65 61 73 65 2C 20 6C 77 49 50 20 68 61 73 0D 0A 09 20 20 20 20 73 70 75 72 72 65 64 20 61 20 6C 6F 74 20 6F 66
State: ESTABLISHED
RX: 45 00 00 28 00 02 00 00 FF 06 A7 CB 0A 00 00 02 0A 00 00 01 C0 01 00 50 00 00 19 FD 00 00 1D 9F 50 10 04 30 9F B4 00 00
TCP header:
+-------------------------------+
|    49153      |       80      | (src port, dest port)
+-------------------------------+
|           0000006653          | (seq no)
+-------------------------------+
|           0000007583          | (ack no)
+-------------------------------+
|  5 |   |010000|      1072     | (hdrlen, flags (ACK 
), win)
+-------------------------------+
|    0x9fb4     |         0     | (chksum, urgp)
+-------------------------------+
+-+-+-+-+-+-+-+-+-+-+-+-+-+- tcp_input: flags ACK 
-+-+-+-+-+-+-+-+-+-+-+-+-+-+
State: ESTABLISHED
tcp_receive: window update 1072
tcp_receive: ACK for 7583, unacked->seqno 6511:7047
tcp_receive: removing 6511:7047 from pcb->unacked
tcp_receive: removing 7047:7583 from pcb->unacked
http_sent 0x10d1a0800
http_send: pcb=0x10d1a0800 hs=0x607000000020 left=809
Trying to send 809 bytes
tcp_write(pcb=0x10d1a0800, data=0x10d17fb5c, len=809, apiflags=0)
tcp_write: queueing 7583:8119
tcp_write: queueing 8119:8392
Sent 809 bytes
End of file.
Closing connection 0x10d1a0800
tcp_close: closing in State: ESTABLISHED
tcp_output_segment: 7583:8119
TX: 45 00 02 40 00 03 00 00 FF 06 A5 B2 0A 00 00 01 0A 00 00 02 00 50 C0 01 00 00 1D 9F 00 00 19 FD 50 10 07 D1 AF 50 00 00 20 69 6E 74 65 72 65 73 74 20 61 6E 64 20 68 61 73 20 62 65 65 6E 20 70 6F 72 74 65 64 20 74 6F 20 73 65 76 65 72 61 6C 0D 0A 09 20 20 20 20 70 6C 61 74 66 6F 72 6D 73 20 61 6E 64 20 6F 70 65 72 61 74 69 6E 67 20 73 79 73 74 65 6D 73 2E 20 6C 77 49 50 20 63 61 6E 20 62 65 20 75 73 65 64 20 65 69 74 68 65 72 0D 0A 09 20 20 20 20 77 69 74 68 20 6F 72 20 77 69 74 68 6F 75 74 20 61 6E 20 75 6E 64 65 72 6C 79 69 6E 67 20 4F 53 2E 0D 0A 09 20 20 3C 2F 70 3E 0D 0A 09 20 20 3C 70 3E 0D 0A 09 20 20 20 20 54 68 65 20 66 6F 63 75 73 20 6F 66 20 74 68 65 20 6C 77 49 50 20 54 43 50 2F 49 50 20 69 6D 70 6C 65 6D 65 6E 74 61 74 69 6F 6E 20 69 73 20 74 6F 20 72 65 64 75 63 65 0D 0A 09 20 20 20 20 74 68 65 20 52 41 4D 20 75 73 61 67 65 20 77 68 69 6C 65 20 73 74 69 6C 6C 20 68 61 76 69 6E 67 20 61 20 66 75 6C 6C 20 73 63 61 6C 65 20 54 43 50 2E 20 54 68 69 73 0D 0A 09 20 20 20 20 6D 61 6B 65 73 20 6C 77 49 50 20 73 75 69 74 61 62 6C 65 20 66 6F 72 20 75 73 65 20 69 6E 20 65 6D 62 65 64 64 65 64 20 73 79 73 74 65 6D 73 20 77 69 74 68 20 74 65 6E 73 0D 0A 09 20 20 20 20 6F 66 20 6B 69 6C 6F 62 79 74 65 73 20 6F 66 20 66 72 65 65 20 52 41 4D 20 61 6E 64 20 72 6F 6F 6D 20 66 6F 72 20 61 72 6F 75 6E 64 20 34 30 20 6B 69 6C 6F 62 79 74 65 73 0D 0A 09 20 20 20 20 6F 66 20 63 6F 64 65 20 52 4F 4D 2E 0D 0A 09 20 20 3C 2F 70 3E 0D 0A 09 20 20 3C 70 3E 0D 0A 09 20 20 20 20 4D 6F 72 65 20 69 6E 66 6F 72 6D 61 74 69 6F 6E 20 61 62 6F 75 74 20 6C 77 49 50 20 63 61 6E 20 62 65 20 66 6F 75 6E 64 20 61 74 20 74 68 65 20 6C 77 49 50 0D 0A 09 20 20 20 20 68 6F 6D 65 70 61 67 65 20 61 74 20 3C 61 0D 0A 09 20 20 20 20
tcp_output_segment: 8119:8392
TX: 45 00 01 39 00 04 00 00 FF 06 A6 B8 0A 00 00 01 0A 00 00 02 00 50 C0 01 00 00 1F B7 00 00 19 FD 50 19 07 D1 0D C0 00 00 68 72 65 66 3D 22 68 74 74 70 3A 2F 2F 73 61 76 61 6E 6E 61 68 2E 6E 6F 6E 67 6E 75 2E 6F 72 67 2F 70 72 6F 6A 65 63 74 73 2F 6C 77 69 70 2F 22 3E 68 74 74 70 3A 2F 2F 73 61 76 61 6E 6E 61 68 2E 6E 6F 6E 67 6E 75 2E 6F 72 67 2F 70 72 6F 6A 65 63 74 73 2F 6C 77 69 70 2F 3C 2F 61 3E 0D 0A 09 20 20 20 20 6F 72 20 61 74 20 74 68 65 20 6C 77 49 50 20 77 69 6B 69 20 61 74 20 3C 61 0D 0A 09 20 20 20 20 68 72 65 66 3D 22 68 74 74 70 3A 2F 2F 6C 77 69 70 2E 77 69 6B 69 61 2E 63 6F 6D 2F 22 3E 68 74 74 70 3A 2F 2F 6C 77 69 70 2E 77 69 6B 69 61 2E 63 6F 6D 2F 3C 2F 61 3E 2E 0D 0A 09 20 20 3C 2F 70 3E 0D 0A 09 3C 2F 74 64 3E 3C 74 64 3E 0D 0A 09 20 20 26 6E 62 73 70 3B 0D 0A 09 3C 2F 74 64 3E 3C 2F 74 72 3E 0D 0A 20 20 20 20 20 20 3C 2F 74 61 62 6C 65 3E 0D 0A 3C 2F 62 6F 64 79 3E 0D 0A 3C 2F 68 74 6D 6C 3E 0D 0A 0D 0A
State: FIN_WAIT_1
RX: 45 00 00 28 00 03 00 00 FF 06 A7 CA 0A 00 00 02 0A 00 00 01 C0 01 00 50 00 00 19 FD 00 00 20 C9 50 14 60 08 40 AE 00 00
TCP header:
+-------------------------------+
|    49153      |       80      | (src port, dest port)
+-------------------------------+
|           0000006653          | (seq no)
+-------------------------------+
|           0000008393          | (ack no)
+-------------------------------+
|  5 |   |010100|     24584     | (hdrlen, flags (RST ACK 
), win)
+-------------------------------+
|    0x40ae     |         0     | (chksum, urgp)
+-------------------------------+
+-+-+-+-+-+-+-+-+-+-+-+-+-+- tcp_input: flags RST ACK 
-+-+-+-+-+-+-+-+-+-+-+-+-+-+
State: FIN_WAIT_1
tcp_process: Connection RESET
tcp_pcb_purge
tcp_pcb_purge: data left on ->unacked
tcp_slowtmr: no active pcbs
