Local IP is 10.0.0.1
Remote IP is 10.0.0.2
Using local addr: s
Using remote addr: c
Saving packets to lwip-server.pcap
httpd_init
tcp_bind: bind to port 80
RX: 45 00 00 2C 00 00 00 00 40 06 66 CA 0A 00 00 02 0A 00 00 01 BA AB 00 50 CC BD 8E 75 00 00 00 00 60 02 28 00 45 F5 00 00 02 04 05 B4
TCP header:
+-------------------------------+
|    47787      |       80      | (src port, dest port)
+-------------------------------+
|           3434974837          | (seq no)
+-------------------------------+
|           0000000000          | (ack no)
+-------------------------------+
|  6 |   |000010|     10240     | (hdrlen, flags (SYN 
), win)
+-------------------------------+
|    0x45f5     |         0     | (chksum, urgp)
+-------------------------------+
tcp_input: packed for LISTENing connection.
TCP connection request 47787 -> 80.
tcp_parseopt: MSS
tcp_enqueue_flags: queueing 6510:6511 (0x12)
tcp_output_segment: 6510:6510
TX: 45 00 00 2C 00 00 00 00 FF 06 A7 C9 0A 00 00 01 0A 00 00 02 00 50 BA AB 00 00 19 6E CC BD 8E 76 60 12 08 60 4F B2 00 00 02 04 02 18
RX: 45 00 00 28 00 00 00 00 40 06 66 CE 0A 00 00 02 0A 00 00 01 BA AB 00 50 CC BD 8E 76 00 00 19 6F 50 10 28 00 44 33 00 00
TCP header:
+-------------------------------+
|    47787      |       80      | (src port, dest port)
+-------------------------------+
|           3434974838          | (seq no)
+-------------------------------+
|           0000006511          | (ack no)
+-------------------------------+
|  5 |   |010000|     10240     | (hdrlen, flags (ACK 
), win)
+-------------------------------+
|    0x4433     |         0     | (chksum, urgp)
+-------------------------------+
+-+-+-+-+-+-+-+-+-+-+-+-+-+- tcp_input: flags ACK 
-+-+-+-+-+-+-+-+-+-+-+-+-+-+
State: SYN_RCVD
TCP connection established 47787 -> 80.
http_accept 0x10c2a7800 / 0x0
tcp_receive: window update 10240
tcp_receive: ACK for 6511, unacked->seqno 6510:6511
tcp_receive: removing 6510:6511 from pcb->unacked
tcp_output: nothing to send (0x0)
State: ESTABLISHED
tcp_slowtmr: processing active pcb
tcp_slowtmr: processing active pcb
RX: 45 00 00 42 00 00 00 00 40 06 66 B4 0A 00 00 02 0A 00 00 01 BA AB 00 50 CC BD 8E 76 00 00 19 6F 50 10 28 00 8F 66 00 00 47 45 54 20 2F 69 6E 64 65 78 2E 68 74 6D 6C 20 48 54 54 50 2F 31 2E 31 0D 0A
TCP header:
+-------------------------------+
|    47787      |       80      | (src port, dest port)
+-------------------------------+
|           3434974838          | (seq no)
+-------------------------------+
|           0000006511          | (ack no)
+-------------------------------+
|  5 |   |010000|     10240     | (hdrlen, flags (ACK 
), win)
+-------------------------------+
|    0x8f66     |         0     | (chksum, urgp)
+-------------------------------+
+-+-+-+-+-+-+-+-+-+-+-+-+-+- tcp_input: flags ACK 
-+-+-+-+-+-+-+-+-+-+-+-+-+-+
State: ESTABLISHED
http_recv: pcb=0x10c2a7800 pbuf=0x10c2aa61a err=Ok.
tcp_recved: received 26 bytes, wnd 2144 (0).
Received 26 bytes
First pbuf
CRLF received, parsing request
Received GET request"
tcp_output: nothing to send (0x0)
State: ESTABLISHED
tcp_fasttmr: delayed ACK
tcp_output: nothing to send (0x0)
tcp_output: sending ACK for 3434974864
TX: 45 00 00 28 00 01 00 00 FF 06 A7 CC 0A 00 00 01 0A 00 00 02 00 50 BA AB 00 00 19 6F CC BD 8E 90 50 10 08 46 63 D3 00 00
RX: 45 00 00 35 00 00 00 00 40 06 66 C1 0A 00 00 02 0A 00 00 01 BA AB 00 50 CC BD 8E 90 00 00 19 6F 50 10 28 00 96 72 00 00 41 63 63 65 70 74 3A 20 2A 2F 2A 0D 0A
TCP header:
+-------------------------------+
|    47787      |       80      | (src port, dest port)
+-------------------------------+
|           3434974864          | (seq no)
+-------------------------------+
|           0000006511          | (ack no)
+-------------------------------+
|  5 |   |010000|     10240     | (hdrlen, flags (ACK 
), win)
+-------------------------------+
|    0x9672     |         0     | (chksum, urgp)
+-------------------------------+
+-+-+-+-+-+-+-+-+-+-+-+-+-+- tcp_input: flags ACK 
-+-+-+-+-+-+-+-+-+-+-+-+-+-+
State: ESTABLISHED
tcp_receive: window update 10240
http_recv: pcb=0x10c2a7800 pbuf=0x10c2aa3b4 err=Ok.
tcp_recved: received 13 bytes, wnd 2144 (0).
Received 13 bytes
pbuf enqueued
CRLF received, parsing request
Received GET request"
tcp_output: nothing to send (0x0)
State: ESTABLISHED
RX: 45 00 00 38 00 00 00 00 40 06 66 BE 0A 00 00 02 0A 00 00 01 BA AB 00 50 CC BD 8E 9D 00 00 19 6F 50 10 28 00 85 2C 00 00 48 6F 73 74 3A 20 31 30 2E 30 2E 30 2E 31 0D 0A
TCP header:
+-------------------------------+
|    47787      |       80      | (src port, dest port)
+-------------------------------+
|           3434974877          | (seq no)
+-------------------------------+
|           0000006511          | (ack no)
+-------------------------------+
|  5 |   |010000|     10240     | (hdrlen, flags (ACK 
), win)
+-------------------------------+
|    0x852c     |         0     | (chksum, urgp)
+-------------------------------+
+-+-+-+-+-+-+-+-+-+-+-+-+-+- tcp_input: flags ACK 
-+-+-+-+-+-+-+-+-+-+-+-+-+-+
State: ESTABLISHED
tcp_receive: window update 10240
http_recv: pcb=0x10c2a7800 pbuf=0x10c2aa14e err=Ok.
tcp_recved: received 16 bytes, wnd 2144 (0).
Received 16 bytes
pbuf enqueued
CRLF received, parsing request
Received GET request"
tcp_output: nothing to send (0x0)
tcp_output: sending ACK for 3434974893
TX: 45 00 00 28 00 02 00 00 FF 06 A7 CB 0A 00 00 01 0A 00 00 02 00 50 BA AB 00 00 19 6F CC BD 8E AD 50 10 08 29 63 D3 00 00
State: ESTABLISHED
tcp_slowtmr: processing active pcb
RX: 45 00 00 3B 00 00 00 00 40 06 66 BB 0A 00 00 02 0A 00 00 01 BA AB 00 50 CC BD 8E AD 00 00 19 6F 50 10 28 00 EC C2 00 00 43 6F 6E 6E 65 63 74 69 6F 6E 3A 20 43 6C 6F 73 65 0D 0A
TCP header:
+-------------------------------+
|    47787      |       80      | (src port, dest port)
+-------------------------------+
|           3434974893          | (seq no)
+-------------------------------+
|           0000006511          | (ack no)
+-------------------------------+
|  5 |   |010000|     10240     | (hdrlen, flags (ACK 
), win)
+-------------------------------+
|    0xecc2     |         0     | (chksum, urgp)
+-------------------------------+
+-+-+-+-+-+-+-+-+-+-+-+-+-+- tcp_input: flags ACK 
-+-+-+-+-+-+-+-+-+-+-+-+-+-+
State: ESTABLISHED
tcp_receive: window update 10240
http_recv: pcb=0x10c2a7800 pbuf=0x10c2a9ee8 err=Ok.
tcp_recved: received 19 bytes, wnd 2144 (0).
Received 19 bytes
pbuf enqueued
CRLF received, parsing request
Received GET request"
tcp_output: nothing to send (0x0)
State: ESTABLISHED
RX: 45 00 00 2A 00 00 00 00 40 06 66 CC 0A 00 00 02 0A 00 00 01 BA AB 00 50 CC BD 8E C0 00 00 19 6F 50 10 28 00 36 DD 00 00 0D 0A
TCP header:
+-------------------------------+
|    47787      |       80      | (src port, dest port)
+-------------------------------+
|           3434974912          | (seq no)
+-------------------------------+
|           0000006511          | (ack no)
+-------------------------------+
|  5 |   |010000|     10240     | (hdrlen, flags (ACK 
), win)
+-------------------------------+
|    0x36dd     |         0     | (chksum, urgp)
+-------------------------------+
+-+-+-+-+-+-+-+-+-+-+-+-+-+- tcp_input: flags ACK 
-+-+-+-+-+-+-+-+-+-+-+-+-+-+
State: ESTABLISHED
tcp_receive: window update 10240
http_recv: pcb=0x10c2a7800 pbuf=0x10c2a9c82 err=Ok.
tcp_recved: received 2 bytes, wnd 2144 (0).
Received 2 bytes
pbuf enqueued
CRLF received, parsing request
Received GET request"
Received "GET" request for URI: "/index.html"
Opening /index.html
http_recv: data 0x10c28672c len 1881
http_send: pcb=0x10c2a7800 hs=0x607000000020 left=1881
Trying to send 1072 bytes
tcp_write(pcb=0x10c2a7800, data=0x10c28672c, len=1072, apiflags=0)
tcp_write: queueing 6511:7047
tcp_write: queueing 7047:7583
Sent 1072 bytes
send_data end.
tcp_output_segment: 6511:7047
TX: 45 00 02 40 00 03 00 00 FF 06 A5 B2 0A 00 00 01 0A 00 00 02 00 50 BA AB 00 00 19 6F CC BD 8E C2 50 10 08 14 90 AA 00 00 48 54 54 50 2F 31 2E 30 20 32 30 30 20 4F 4B 0D 0A 53 65 72 76 65 72 3A 20 6C 77 49 50 2F 32 2E 30 2E 33 64 20 28 68 74 74 70 3A 2F 2F 73 61 76 61 6E 6E 61 68 2E 6E 6F 6E 67 6E 75 2E 6F 72 67 2F 70 72 6F 6A 65 63 74 73 2F 6C 77 69 70 29 0D 0A 43 6F 6E 74 65 6E 74 2D 4C 65 6E 67 74 68 3A 20 31 37 35 31 0D 0A 43 6F 6E 74 65 6E 74 2D 54 79 70 65 3A 20 74 65 78 74 2F 68 74 6D 6C 0D 0A 0D 0A 3C 68 74 6D 6C 3E 0D 0A 3C 68 65 61 64 3E 3C 74 69 74 6C 65 3E 6C 77 49 50 20 2D 20 41 20 4C 69 67 68 74 77 65 69 67 68 74 20 54 43 50 2F 49 50 20 53 74 61 63 6B 3C 2F 74 69 74 6C 65 3E 3C 2F 68 65 61 64 3E 0D 0A 3C 62 6F 64 79 20 62 67 63 6F 6C 6F 72 3D 22 77 68 69 74 65 22 20 74 65 78 74 3D 22 62 6C 61 63 6B 22 3E 0D 0A 0D 0A 20 20 20 20 3C 74 61 62 6C 65 20 77 69 64 74 68 3D 22 31 30 30 25 22 3E 0D 0A 20 20 20 20 20 20 3C 74 72 20 76 61 6C 69 67 6E 3D 22 74 6F 70 22 3E 3C 74 64 20 77 69 64 74 68 3D 22 38 30 22 3E 09 20 20 0D 0A 09 20 20 3C 61 20 68 72 65 66 3D 22 68 74 74 70 3A 2F 2F 77 77 77 2E 73 69 63 73 2E 73 65 2F 22 3E 3C 69 6D 67 20 73 72 63 3D 22 2F 69 6D 67 2F 73 69 63 73 2E 67 69 66 22 0D 0A 09 20 20 62 6F 72 64 65 72 3D 22 30 22 20 61 6C 74 3D 22 53 49 43 53 20 6C 6F 67 6F 22 20 74 69 74 6C 65 3D 22 53 49 43 53 20 6C 6F 67 6F 22 3E 3C 2F 61 3E 0D 0A 09 3C 2F 74 64 3E 3C 74 64 20 77 69 64 74 68 3D 22 35 30 30 22 3E 09 20 20 0D 0A 09 20 20 3C 68 31 3E 6C 77 49 50 20 2D 20 41 20 4C 69 67 68 74 77 65 69 67 68 74 20 54 43 50 2F 49 50 20 53 74 61 63 6B 3C 2F 68 31 3E 0D 0A 09 20 20 3C 70 3E 0D 0A 09 20 20 20 20 54 68 65 20 77 65 62 20 70 61 67 65 20 79 6F 75 20 61 72 65 20 77 61 74 63 68 69
tcp_output_segment: 7047:7583
TX: 45 00 02 40 00 04 00 00 FF 06 A5 B1 0A 00 00 01 0A 00 00 02 00 50 BA AB 00 00 1B 87 CC BD 8E C2 50 18 08 14 F9 89 00 00 6E 67 20 77 61 73 20 73 65 72 76 65 64 20 62 79 20 61 20 73 69 6D 70 6C 65 20 77 65 62 0D 0A 09 20 20 20 20 73 65 72 76 65 72 20 72 75 6E 6E 69 6E 67 20 6F 6E 20 74 6F 70 20 6F 66 20 74 68 65 20 6C 69 67 68 74 77 65 69 67 68 74 20 54 43 50 2F 49 50 20 73 74 61 63 6B 20 3C 61 0D 0A 09 20 20 20 20 68 72 65 66 3D 22 68 74 74 70 3A 2F 2F 77 77 77 2E 73 69 63 73 2E 73 65 2F 7E 61 64 61 6D 2F 6C 77 69 70 2F 22 3E 6C 77 49 50 3C 2F 61 3E 2E 0D 0A 09 20 20 3C 2F 70 3E 0D 0A 09 20 20 3C 70 3E 0D 0A 09 20 20 20 20 6C 77 49 50 20 69 73 20 61 6E 20 6F 70 65 6E 20 73 6F 75 72 63 65 20 69 6D 70 6C 65 6D 65 6E 74 61 74 69 6F 6E 20 6F 66 20 74 68 65 20 54 43 50 2F 49 50 0D 0A 09 20 20 20 20 70 72 6F 74 6F 63 6F 6C 20 73 75 69 74 65 20 74 68 61 74 20 77 61 73 20 6F 72 69 67 69 6E 61 6C 6C 79 20 77 72 69 74 74 65 6E 20 62 79 20 3C 61 0D 0A 09 20 20 20 20 68 72 65 66 3D 22 68 74 74 70 3A 2F 2F 77 77 77 2E 73 69 63 73 2E 73 65 2F 7E 61 64 61 6D 2F 6C 77 69 70 2F 22 3E 41 64 61 6D 20 44 75 6E 6B 65 6C 73 0D 0A 09 20 20 20 20 6F 66 20 74 68 65 20 53 77 65 64 69 73 68 20 49 6E 73 74 69 74 75 74 65 20 6F 66 20 43 6F 6D 70 75 74 65 72 20 53 63 69 65 6E 63 65 3C 2F 61 3E 20 62 75 74 20 6E 6F 77 20 69 73 0D 0A 09 20 20 20 20 62 65 69 6E 67 20 61 63 74 69 76 65 6C 79 20 64 65 76 65 6C 6F 70 65 64 20 62 79 20 61 20 74 65 61 6D 20 6F 66 20 64 65 76 65 6C 6F 70 65 72 73 0D 0A 09 20 20 20 20 64 69 73 74 72 69 62 75 74 65 64 20 77 6F 72 6C 64 2D 77 69 64 65 2E 20 53 69 6E 63 65 20 69 74 27 73 20 72 65 6C 65 61 73 65 2C 20 6C 77 49 50 20 68 61 73 0D 0A 09 20 20 20 20 73 70 75 72 72 65 64 20 61 20 6C 6F 74 20 6F 66
State: ESTABLISHED
RX: 45 00 00 28 00 00 00 00 40 06 66 CE 0A 00 00 02 0A 00 00 01 BA AB 00 50 CC BD 8E C2 00 00 1B 87 50 10 25 E8 43 E7 00 00
TCP header:
+-------------------------------+
|    47787      |       80      | (src port, dest port)
+-------------------------------+
|           3434974914          | (seq no)
+-------------------------------+
|           0000007047          | (ack no)
+-------------------------------+
|  5 |   |010000|      9704     | (hdrlen, flags (ACK 
), win)
+-------------------------------+
|    0x43e7     |         0     | (chksum, urgp)
+-------------------------------+
+-+-+-+-+-+-+-+-+-+-+-+-+-+- tcp_input: flags ACK 
-+-+-+-+-+-+-+-+-+-+-+-+-+-+
State: ESTABLISHED
tcp_receive: window update 9704
tcp_receive: ACK for 7047, unacked->seqno 6511:7047
tcp_receive: removing 6511:7047 from pcb->unacked
http_sent 0x10c2a7800
http_send: pcb=0x10c2a7800 hs=0x607000000020 left=809
Trying to send 536 bytes
tcp_write(pcb=0x10c2a7800, data=0x10c286b5c, len=536, apiflags=0)
tcp_write: queueing 7583:8119
Sent 536 bytes
send_data end.
tcp_output_segment: 7583:8119
TX: 45 00 02 40 00 05 00 00 FF 06 A5 B0 0A 00 00 01 0A 00 00 02 00 50 BA AB 00 00 1D 9F CC BD 8E C2 50 18 08 14 72 D8 00 00 20 69 6E 74 65 72 65 73 74 20 61 6E 64 20 68 61 73 20 62 65 65 6E 20 70 6F 72 74 65 64 20 74 6F 20 73 65 76 65 72 61 6C 0D 0A 09 20 20 20 20 70 6C 61 74 66 6F 72 6D 73 20 61 6E 64 20 6F 70 65 72 61 74 69 6E 67 20 73 79 73 74 65 6D 73 2E 20 6C 77 49 50 20 63 61 6E 20 62 65 20 75 73 65 64 20 65 69 74 68 65 72 0D 0A 09 20 20 20 20 77 69 74 68 20 6F 72 20 77 69 74 68 6F 75 74 20 61 6E 20 75 6E 64 65 72 6C 79 69 6E 67 20 4F 53 2E 0D 0A 09 20 20 3C 2F 70 3E 0D 0A 09 20 20 3C 70 3E 0D 0A 09 20 20 20 20 54 68 65 20 66 6F 63 75 73 20 6F 66 20 74 68 65 20 6C 77 49 50 20 54 43 50 2F 49 50 20 69 6D 70 6C 65 6D 65 6E 74 61 74 69 6F 6E 20 69 73 20 74 6F 20 72 65 64 75 63 65 0D 0A 09 20 20 20 20 74 68 65 20 52 41 4D 20 75 73 61 67 65 20 77 68 69 6C 65 20 73 74 69 6C 6C 20 68 61 76 69 6E 67 20 61 20 66 75 6C 6C 20 73 63 61 6C 65 20 54 43 50 2E 20 54 68 69 73 0D 0A 09 20 20 20 20 6D 61 6B 65 73 20 6C 77 49 50 20 73 75 69 74 61 62 6C 65 20 66 6F 72 20 75 73 65 20 69 6E 20 65 6D 62 65 64 64 65 64 20 73 79 73 74 65 6D 73 20 77 69 74 68 20 74 65 6E 73 0D 0A 09 20 20 20 20 6F 66 20 6B 69 6C 6F 62 79 74 65 73 20 6F 66 20 66 72 65 65 20 52 41 4D 20 61 6E 64 20 72 6F 6F 6D 20 66 6F 72 20 61 72 6F 75 6E 64 20 34 30 20 6B 69 6C 6F 62 79 74 65 73 0D 0A 09 20 20 20 20 6F 66 20 63 6F 64 65 20 52 4F 4D 2E 0D 0A 09 20 20 3C 2F 70 3E 0D 0A 09 20 20 3C 70 3E 0D 0A 09 20 20 20 20 4D 6F 72 65 20 69 6E 66 6F 72 6D 61 74 69 6F 6E 20 61 62 6F 75 74 20 6C 77 49 50 20 63 61 6E 20 62 65 20 66 6F 75 6E 64 20 61 74 20 74 68 65 20 6C 77 49 50 0D 0A 09 20 20 20 20 68 6F 6D 65 70 61 67 65 20 61 74 20 3C 61 0D 0A 09 20 20 20 20
State: ESTABLISHED
RX: 45 00 00 28 00 00 00 00 40 06 66 CE 0A 00 00 02 0A 00 00 01 BA AB 00 50 CC BD 8E C2 00 00 1D 9F 50 10 23 D0 43 E7 00 00
TCP header:
+-------------------------------+
|    47787      |       80      | (src port, dest port)
+-------------------------------+
|           3434974914          | (seq no)
+-------------------------------+
|           0000007583          | (ack no)
+-------------------------------+
|  5 |   |010000|      9168     | (hdrlen, flags (ACK 
), win)
+-------------------------------+
|    0x43e7     |         0     | (chksum, urgp)
+-------------------------------+
+-+-+-+-+-+-+-+-+-+-+-+-+-+- tcp_input: flags ACK 
-+-+-+-+-+-+-+-+-+-+-+-+-+-+
State: ESTABLISHED
tcp_receive: window update 9168
tcp_receive: ACK for 7583, unacked->seqno 7047:7583
tcp_receive: removing 7047:7583 from pcb->unacked
http_sent 0x10c2a7800
http_send: pcb=0x10c2a7800 hs=0x607000000020 left=273
Trying to send 273 bytes
tcp_write(pcb=0x10c2a7800, data=0x10c286d74, len=273, apiflags=0)
tcp_write: queueing 8119:8392
Sent 273 bytes
End of file.
Closing connection 0x10c2a7800
tcp_close: closing in State: ESTABLISHED
tcp_output_segment: 8119:8392
TX: 45 00 01 39 00 06 00 00 FF 06 A6 B6 0A 00 00 01 0A 00 00 02 00 50 BA AB 00 00 1F B7 CC BD 8E C2 50 19 08 14 D1 4F 00 00 68 72 65 66 3D 22 68 74 74 70 3A 2F 2F 73 61 76 61 6E 6E 61 68 2E 6E 6F 6E 67 6E 75 2E 6F 72 67 2F 70 72 6F 6A 65 63 74 73 2F 6C 77 69 70 2F 22 3E 68 74 74 70 3A 2F 2F 73 61 76 61 6E 6E 61 68 2E 6E 6F 6E 67 6E 75 2E 6F 72 67 2F 70 72 6F 6A 65 63 74 73 2F 6C 77 69 70 2F 3C 2F 61 3E 0D 0A 09 20 20 20 20 6F 72 20 61 74 20 74 68 65 20 6C 77 49 50 20 77 69 6B 69 20 61 74 20 3C 61 0D 0A 09 20 20 20 20 68 72 65 66 3D 22 68 74 74 70 3A 2F 2F 6C 77 69 70 2E 77 69 6B 69 61 2E 63 6F 6D 2F 22 3E 68 74 74 70 3A 2F 2F 6C 77 69 70 2E 77 69 6B 69 61 2E 63 6F 6D 2F 3C 2F 61 3E 2E 0D 0A 09 20 20 3C 2F 70 3E 0D 0A 09 3C 2F 74 64 3E 3C 74 64 3E 0D 0A 09 20 20 26 6E 62 73 70 3B 0D 0A 09 3C 2F 74 64 3E 3C 2F 74 72 3E 0D 0A 20 20 20 20 20 20 3C 2F 74 61 62 6C 65 3E 0D 0A 3C 2F 62 6F 64 79 3E 0D 0A 3C 2F 68 74 6D 6C 3E 0D 0A 0D 0A
State: FIN_WAIT_1
RX: 45 00 00 28 00 00 00 00 40 06 66 CE 0A 00 00 02 0A 00 00 01 BA AB 00 50 CC BD 8E C2 00 00 1F B7 50 10 21 B8 43 E7 00 00
TCP header:
+-------------------------------+
|    47787      |       80      | (src port, dest port)
+-------------------------------+
|           3434974914          | (seq no)
+-------------------------------+
|           0000008119          | (ack no)
+-------------------------------+
|  5 |   |010000|      8632     | (hdrlen, flags (ACK 
), win)
+-------------------------------+
|    0x43e7     |         0     | (chksum, urgp)
+-------------------------------+
+-+-+-+-+-+-+-+-+-+-+-+-+-+- tcp_input: flags ACK 
-+-+-+-+-+-+-+-+-+-+-+-+-+-+
State: FIN_WAIT_1
tcp_receive: window update 8632
tcp_receive: ACK for 8119, unacked->seqno 7583:8119
tcp_receive: removing 7583:8119 from pcb->unacked
tcp_output: nothing to send (0x0)
State: FIN_WAIT_1
RX: 45 00 00 28 00 00 00 00 40 06 66 CE 0A 00 00 02 0A 00 00 01 BA AB 00 50 CC BD 8E C2 00 00 20 C8 50 10 24 A6 3F E8 00 00
TCP header:
+-------------------------------+
|    47787      |       80      | (src port, dest port)
+-------------------------------+
|           3434974914          | (seq no)
+-------------------------------+
|           0000008392          | (ack no)
+-------------------------------+
|  5 |   |010000|      9382     | (hdrlen, flags (ACK 
), win)
+-------------------------------+
|    0x3fe8     |         0     | (chksum, urgp)
+-------------------------------+
+-+-+-+-+-+-+-+-+-+-+-+-+-+- tcp_input: flags ACK 
-+-+-+-+-+-+-+-+-+-+-+-+-+-+
State: FIN_WAIT_1
tcp_receive: window update 9382
tcp_receive: ACK for 8392, unacked->seqno 8119:8393
tcp_output: nothing to send (0x0)
State: FIN_WAIT_1
RX: 45 00 00 28 00 00 00 00 40 06 66 CE 0A 00 00 02 0A 00 00 01 BA AB 00 50 CC BD 8E C2 00 00 20 C9 50 10 24 A6 3F E7 00 00
TCP header:
+-------------------------------+
|    47787      |       80      | (src port, dest port)
+-------------------------------+
|           3434974914          | (seq no)
+-------------------------------+
|           0000008393          | (ack no)
+-------------------------------+
|  5 |   |010000|      9382     | (hdrlen, flags (ACK 
), win)
+-------------------------------+
|    0x3fe7     |         0     | (chksum, urgp)
+-------------------------------+
+-+-+-+-+-+-+-+-+-+-+-+-+-+- tcp_input: flags ACK 
-+-+-+-+-+-+-+-+-+-+-+-+-+-+
State: FIN_WAIT_1
tcp_receive: window update 9382
tcp_receive: ACK for 8393, unacked->seqno 8119:8393
tcp_receive: removing 8119:8393 from pcb->unacked
tcp_output: nothing to send (0x0)
State: FIN_WAIT_2
RX: 45 00 00 28 00 00 00 00 40 06 66 CE 0A 00 00 02 0A 00 00 01 BA AB 00 50 CC BD 8E C2 00 00 00 00 50 01 28 00 5D 65 00 00
TCP header:
+-------------------------------+
|    47787      |       80      | (src port, dest port)
+-------------------------------+
|           3434974914          | (seq no)
+-------------------------------+
|           0000000000          | (ack no)
+-------------------------------+
|  5 |   |000001|     10240     | (hdrlen, flags (FIN 
), win)
+-------------------------------+
|    0x5d65     |         0     | (chksum, urgp)
+-------------------------------+
+-+-+-+-+-+-+-+-+-+-+-+-+-+- tcp_input: flags FIN 
-+-+-+-+-+-+-+-+-+-+-+-+-+-+
State: FIN_WAIT_2
tcp_receive: received FIN.
TCP connection closed: FIN_WAIT_2 47787 -> 80.
tcp_pcb_purge
tcp_output: nothing to send (0x0)
tcp_output: sending ACK for 3434974915
TX: 45 00 00 28 00 07 00 00 FF 06 A7 C6 0A 00 00 01 0A 00 00 02 00 50 BA AB 00 00 20 C9 CC BD 8E C3 50 10 08 13 5C 79 00 00
State: TIME_WAIT
tcp_slowtmr: no active pcbs
tcp_slowtmr: no active pcbs
tcp_slowtmr: no active pcbs
tcp_slowtmr: no active pcbs
tcp_slowtmr: no active pcbs
