Local IP is 10.0.0.2
Remote IP is 10.0.0.1
Using local addr: c
Using remote addr: s
Saving packets to lab-client.pcap
TCP state transitioned from CLOSED to SYN_SENT
TX: 45 00 00 2C 00 00 00 00 40 06 66 CA 0A 00 00 02 0A 00 00 01 BC 43 00 50 73 2C F2 01 00 00 00 00 60 02 28 00 3A 62 00 00 02 04 05 B4
|* Push Retransmission Queue *|
retransmission queue size = 1
Writing http response body to /Users/legend/Desktop/tcp-lab/index.html
RX: 45 00 00 2C 00 00 00 00 40 06 66 CA 0A 00 00 01 0A 00 00 02 00 50 BC 43 73 2C F2 24 73 2C F2 02 60 12 28 00 D4 FF 00 00 02 04 05 B4
Remote MSS is 1460
|* Pop Retransmission Queue *|
|* Pop ! *|
retransmission queue size = 0
TCP state transitioned from SYN_SENT to ESTABLISHED
TX: 45 00 00 28 00 00 00 00 40 06 66 CE 0A 00 00 02 0A 00 00 01 BC 43 00 50 73 2C F2 02 73 2C F2 25 50 10 28 00 EC BC 00 00
|* Retransmission *|
Sending segment of len 26 to remote
TX: 45 00 00 42 00 00 00 00 40 06 66 B4 0A 00 00 02 0A 00 00 01 BC 43 00 50 73 2C F2 02 73 2C F2 25 50 10 28 00 37 F0 00 00 47 45 54 20 2F 69 6E 64 65 78 2E 68 74 6D 6C 20 48 54 54 50 2F 31 2E 31 0D 0A
|* Push Retransmission Queue *|
retransmission queue size = 1
Write 'GET /index.html HTTP/1.1
' to tcp
|* Retransmission *|
current_ms = 59269909
start_ms = 59269909
RX: 45 00 00 28 00 00 00 00 40 06 66 CE 0A 00 00 01 0A 00 00 02 00 50 BC 43 73 2C F2 25 73 2C F2 1C 50 10 27 E6 EC BC 00 00
|* Pop Retransmission Queue *|
|* Pop ! *|
retransmission queue size = 0
Sending segment of len 13 to remote
TX: 45 00 00 35 00 00 00 00 40 06 66 C1 0A 00 00 02 0A 00 00 01 BC 43 00 50 73 2C F2 1C 73 2C F2 25 50 10 28 00 3E FC 00 00 41 63 63 65 70 74 3A 20 2A 2F 2A 0D 0A
|* Push Retransmission Queue *|
retransmission queue size = 1
Write 'Accept: */*
' to tcp
|* Retransmission *|
current_ms = 59270009
start_ms = 59270009
Sending segment of len 16 to remote
TX: 45 00 00 38 00 00 00 00 40 06 66 BE 0A 00 00 02 0A 00 00 01 BC 43 00 50 73 2C F2 29 73 2C F2 25 50 10 28 00 2D B6 00 00 48 6F 73 74 3A 20 31 30 2E 30 2E 30 2E 31 0D 0A
|* Push Retransmission Queue *|
retransmission queue size = 2
Write 'Host: 10.0.0.1
' to tcp
|* Retransmission *|
current_ms = 59270109
start_ms = 59270009
start_ms = 59270109
Sending segment of len 19 to remote
TX: 45 00 00 3B 00 00 00 00 40 06 66 BB 0A 00 00 02 0A 00 00 01 BC 43 00 50 73 2C F2 39 73 2C F2 25 50 10 28 00 95 4C 00 00 43 6F 6E 6E 65 63 74 69 6F 6E 3A 20 43 6C 6F 73 65 0D 0A
|* Push Retransmission Queue *|
retransmission queue size = 3
Write 'Connection: Close
' to tcp
|* Retransmission *|
current_ms = 59270209
start_ms = 59270009
start_ms = 59270109
start_ms = 59270209
Sending segment of len 2 to remote
TX: 45 00 00 2A 00 00 00 00 40 06 66 CC 0A 00 00 02 0A 00 00 01 BC 43 00 50 73 2C F2 4C 73 2C F2 25 50 10 28 00 DF 66 00 00 0D 0A
|* Push Retransmission Queue *|
retransmission queue size = 4
Write '
' to tcp
|* Retransmission *|
current_ms = 59270309
start_ms = 59270009
|* Retransmission Packet *|
TX: 45 00 00 35 00 00 00 00 40 06 66 C1 0A 00 00 02 0A 00 00 01 BC 43 00 50 73 2C F2 1C 73 2C F2 25 50 10 28 00 3E FC 00 00 41 63 63 65 70 74 3A 20 2A 2F 2A 0D 0A
start_ms = 59270109
start_ms = 59270209
start_ms = 59270309
RX: 45 00 00 28 00 00 00 00 40 06 66 CE 0A 00 00 01 0A 00 00 02 00 50 BC 43 73 2C F2 25 73 2C F2 1C 50 10 28 00 EC A2 00 00
|* Pop Retransmission Queue *|
retransmission queue size = 4
RX: 45 00 00 28 00 00 00 00 40 06 66 CE 0A 00 00 01 0A 00 00 02 00 50 BC 43 73 2C F2 25 73 2C F2 29 50 10 27 F3 EC A2 00 00
|* Pop Retransmission Queue *|
|* Pop ! *|
retransmission queue size = 3
|* Retransmission *|
current_ms = 59271909
start_ms = 59270109
|* Retransmission Packet *|
TX: 45 00 00 38 00 00 00 00 40 06 66 BE 0A 00 00 02 0A 00 00 01 BC 43 00 50 73 2C F2 29 73 2C F2 25 50 10 28 00 2D B6 00 00 48 6F 73 74 3A 20 31 30 2E 30 2E 30 2E 31 0D 0A
start_ms = 59270209
|* Retransmission Packet *|
TX: 45 00 00 3B 00 00 00 00 40 06 66 BB 0A 00 00 02 0A 00 00 01 BC 43 00 50 73 2C F2 39 73 2C F2 25 50 10 28 00 95 4C 00 00 43 6F 6E 6E 65 63 74 69 6F 6E 3A 20 43 6C 6F 73 65 0D 0A
start_ms = 59270309
|* Retransmission Packet *|
TX: 45 00 00 2A 00 00 00 00 40 06 66 CC 0A 00 00 02 0A 00 00 01 BC 43 00 50 73 2C F2 4C 73 2C F2 25 50 10 28 00 DF 66 00 00 0D 0A
RX: 45 00 00 28 00 00 00 00 40 06 66 CE 0A 00 00 01 0A 00 00 02 00 50 BC 43 73 2C F2 25 73 2C F2 39 50 10 27 F0 EC 95 00 00
|* Pop Retransmission Queue *|
|* Pop ! *|
retransmission queue size = 2
RX: 45 00 00 28 00 00 00 00 40 06 66 CE 0A 00 00 01 0A 00 00 02 00 50 BC 43 73 2C F2 25 73 2C F2 39 50 10 27 F0 EC 95 00 00
|* Pop Retransmission Queue *|
retransmission queue size = 2
|* Retransmission *|
current_ms = 59272009
start_ms = 59270209
|* Retransmission Packet *|
TX: 45 00 00 3B 00 00 00 00 40 06 66 BB 0A 00 00 02 0A 00 00 01 BC 43 00 50 73 2C F2 39 73 2C F2 25 50 10 28 00 95 4C 00 00 43 6F 6E 6E 65 63 74 69 6F 6E 3A 20 43 6C 6F 73 65 0D 0A
start_ms = 59270309
|* Retransmission Packet *|
TX: 45 00 00 2A 00 00 00 00 40 06 66 CC 0A 00 00 02 0A 00 00 01 BC 43 00 50 73 2C F2 4C 73 2C F2 25 50 10 28 00 DF 66 00 00 0D 0A
|* Retransmission *|
current_ms = 59272109
start_ms = 59270209
|* Retransmission Packet *|
TX: 45 00 00 3B 00 00 00 00 40 06 66 BB 0A 00 00 02 0A 00 00 01 BC 43 00 50 73 2C F2 39 73 2C F2 25 50 10 28 00 95 4C 00 00 43 6F 6E 6E 65 63 74 69 6F 6E 3A 20 43 6C 6F 73 65 0D 0A
start_ms = 59270309
|* Retransmission Packet *|
TX: 45 00 00 2A 00 00 00 00 40 06 66 CC 0A 00 00 02 0A 00 00 01 BC 43 00 50 73 2C F2 4C 73 2C F2 25 50 10 28 00 DF 66 00 00 0D 0A
RX: 45 00 00 28 00 00 00 00 40 06 66 CE 0A 00 00 01 0A 00 00 02 00 50 BC 43 73 2C F2 25 73 2C F2 4E 50 10 27 EB EC 85 00 00
|* Pop Retransmission Queue *|
|* Pop ! *|
retransmission queue size = 0
|* Retransmission *|
|* Retransmission *|
RX: 45 00 00 39 00 00 00 00 40 06 66 BD 0A 00 00 01 0A 00 00 02 00 50 BC 43 73 2C F2 25 73 2C F2 4E 50 10 28 00 2C 9A 00 00 48 54 54 50 2F 31 2E 31 20 32 30 30 20 4F 4B 0D 0A
|* Pop Retransmission Queue *|
retransmission queue size = 0
Received 17 bytes from server
TX: 45 00 00 28 00 00 00 00 40 06 66 CE 0A 00 00 02 0A 00 00 01 BC 43 00 50 73 2C F2 4E 73 2C F2 36 50 10 27 EF EC 70 00 00
Read 'HTTP/1.1 200 OK
' from tcp
RX: 45 00 00 3C 00 00 00 00 40 06 66 BA 0A 00 00 01 0A 00 00 02 00 50 BC 43 73 2C F2 36 73 2C F2 4E 50 10 28 00 B9 39 00 00 43 6F 6E 74 65 6E 74 2D 4C 65 6E 67 74 68 3A 20 31 33 0D 0A
|* Pop Retransmission Queue *|
retransmission queue size = 0
Received 20 bytes from server
TX: 45 00 00 28 00 00 00 00 40 06 66 CE 0A 00 00 02 0A 00 00 01 BC 43 00 50 73 2C F2 4E 73 2C F2 4A 50 10 27 EC EC 5F 00 00
Read 'Content-Length: 13
' from tcp
RX: 45 00 00 51 00 00 00 00 40 06 66 A5 0A 00 00 01 0A 00 00 02 00 50 BC 43 73 2C F2 4A 73 2C F2 4E 50 10 28 00 6A 3D 00 00 43 6F 6E 74 65 6E 74 2D 54 79 70 65 3A 20 74 65 78 74 2F 70 6C 61 69 6E 3B 20 63 68 61 72 73 65 74 3D 75 74 66 2D 38 0D 0A
|* Pop Retransmission Queue *|
retransmission queue size = 0
Received 41 bytes from server
TX: 45 00 00 28 00 00 00 00 40 06 66 CE 0A 00 00 02 0A 00 00 01 BC 43 00 50 73 2C F2 4E 73 2C F2 73 50 10 27 D7 EC 4B 00 00
Read 'Content-Type: text/plain; charset=utf-8
' from tcp
RX: 45 00 00 2A 00 00 00 00 40 06 66 CC 0A 00 00 01 0A 00 00 02 00 50 BC 43 73 2C F2 73 73 2C F2 4E 50 10 28 00 DF 16 00 00 0D 0A
|* Pop Retransmission Queue *|
retransmission queue size = 0
Received 2 bytes from server
TX: 45 00 00 28 00 00 00 00 40 06 66 CE 0A 00 00 02 0A 00 00 01 BC 43 00 50 73 2C F2 4E 73 2C F2 75 50 10 27 FE EC 22 00 00
Read '
' from tcp
Content Length is 13
RX: 45 00 00 35 00 00 00 00 40 06 66 C1 0A 00 00 01 0A 00 00 02 00 50 BC 43 73 2C F2 75 73 2C F2 4E 50 10 28 00 90 24 00 00 48 65 6C 6C 6F 20 57 6F 72 6C 64 21 0A
|* Pop Retransmission Queue *|
retransmission queue size = 0
Received 13 bytes from server
TX: 45 00 00 28 00 00 00 00 40 06 66 CE 0A 00 00 02 0A 00 00 01 BC 43 00 50 73 2C F2 4E 73 2C F2 82 50 10 27 F3 EC 20 00 00
RX: 45 00 00 28 00 00 00 00 40 06 66 CE 0A 00 00 01 0A 00 00 02 00 50 BC 43 73 2C F2 82 00 00 00 00 50 01 28 00 51 9E 00 00
TX: 45 00 00 28 00 00 00 00 40 06 66 CE 0A 00 00 02 0A 00 00 01 BC 43 00 50 73 2C F2 4E 73 2C F2 83 50 10 27 F3 EC 1F 00 00
TCP state transitioned from ESTABLISHED to CLOSE_WAIT
Read 'Hello World!
' from tcp
TX: 45 00 00 28 00 00 00 00 40 06 66 CE 0A 00 00 02 0A 00 00 01 BC 43 00 50 73 2C F2 4E 00 00 00 00 50 01 28 00 51 D2 00 00
|* Push Retransmission Queue *|
retransmission queue size = 1
TCP state transitioned from CLOSE_WAIT to LAST_ACK
|* Retransmission *|
current_ms = 59273609
start_ms = 59273609
|* Retransmission *|
current_ms = 59273909
start_ms = 59273609
|* Retransmission Packet *|
TX: 45 00 00 28 00 00 00 00 40 06 66 CE 0A 00 00 02 0A 00 00 01 BC 43 00 50 73 2C F2 4E 00 00 00 00 50 01 28 00 51 D2 00 00
|* Retransmission *|
current_ms = 59274009
start_ms = 59273609
|* Retransmission Packet *|
TX: 45 00 00 28 00 00 00 00 40 06 66 CE 0A 00 00 02 0A 00 00 01 BC 43 00 50 73 2C F2 4E 00 00 00 00 50 01 28 00 51 D2 00 00
RX: 45 00 00 28 00 00 00 00 40 06 66 CE 0A 00 00 01 0A 00 00 02 00 50 BC 43 73 2C F2 83 73 2C F2 4F 50 10 28 00 EC 11 00 00
|* Pop Retransmission Queue *|
|* Pop ! *|
retransmission queue size = 0
TCP state transitioned from LAST_ACK to CLOSED
|* Retransmission *|
Removing TCP connection fd=0
