Local IP is 10.0.0.1
Remote IP is 10.0.0.2
Out of Order Flag = 3
Using local addr: s
Using remote addr: c
Saving packets to lab-server.pcap
TCP state transitioned from CLOSED to LISTEN
Listening on 80 port
RX: 45 00 00 2C 00 00 00 00 40 06 66 CA 0A 00 00 02 0A 00 00 01 B7 06 00 50 EB EE 29 DB 00 00 00 00 60 02 28 00 8F 03 00 00 02 04 05 B4
Remote MSS is 1460
TX: 45 00 00 2C 00 00 00 00 40 06 66 CA 0A 00 00 01 0A 00 00 02 00 50 B7 06 EB EE 2A 07 EB EE 29 DC 60 12 28 00 78 FC 00 00 02 04 05 B4
TCP state transitioned from CLOSED to SYN_RCVD
RX: 45 00 00 28 00 00 00 00 40 06 66 CE 0A 00 00 02 0A 00 00 01 B7 06 00 50 EB EE 29 DC EB EE 2A 08 50 10 28 00 90 B9 00 00
TCP state transitioned from SYN_RCVD to ESTABLISHED
Got new TCP connection: fd=1
RX: 45 00 00 42 00 00 00 00 40 06 66 B4 0A 00 00 02 0A 00 00 01 B7 06 00 50 EB EE 29 DC EB EE 2A 08 50 10 28 00 DB EC 00 00 47 45 54 20 2F 69 6E 64 65 78 2E 68 74 6D 6C 20 48 54 54 50 2F 31 2E 31 0D 0A
Received 26 bytes from server
TX: 45 00 00 28 00 00 00 00 40 06 66 CE 0A 00 00 01 0A 00 00 02 00 50 B7 06 EB EE 2A 08 EB EE 29 F6 50 10 27 E6 90 B9 00 00
Read 'GET /index.html HTTP/1.1
' from tcp
RX: 45 00 00 35 00 00 00 00 40 06 66 C1 0A 00 00 02 0A 00 00 01 B7 06 00 50 EB EE 29 F6 EB EE 2A 08 50 10 28 00 E2 F8 00 00 41 63 63 65 70 74 3A 20 2A 2F 2A 0D 0A
Received 13 bytes from server
TX: 45 00 00 28 00 00 00 00 40 06 66 CE 0A 00 00 01 0A 00 00 02 00 50 B7 06 EB EE 2A 08 EB EE 2A 03 50 10 27 F3 90 9F 00 00
Read 'Accept: */*
' from tcp
RX: 45 00 00 38 00 00 00 00 40 06 66 BE 0A 00 00 02 0A 00 00 01 B7 06 00 50 EB EE 2A 03 EB EE 2A 08 50 10 28 00 D1 B2 00 00 48 6F 73 74 3A 20 31 30 2E 30 2E 30 2E 31 0D 0A
Received 16 bytes from server
TX: 45 00 00 28 00 00 00 00 40 06 66 CE 0A 00 00 01 0A 00 00 02 00 50 B7 06 EB EE 2A 08 EB EE 2A 13 50 10 27 F0 90 92 00 00
Read 'Host: 10.0.0.1
' from tcp
RX: 45 00 00 3B 00 00 00 00 40 06 66 BB 0A 00 00 02 0A 00 00 01 B7 06 00 50 EB EE 2A 13 EB EE 2A 08 50 10 28 00 39 49 00 00 43 6F 6E 6E 65 63 74 69 6F 6E 3A 20 43 6C 6F 73 65 0D 0A
Received 19 bytes from server
TX: 45 00 00 28 00 00 00 00 40 06 66 CE 0A 00 00 01 0A 00 00 02 00 50 B7 06 EB EE 2A 08 EB EE 2A 26 50 10 27 ED 90 82 00 00
Read 'Connection: Close
' from tcp
RX: 45 00 00 2A 00 00 00 00 40 06 66 CC 0A 00 00 02 0A 00 00 01 B7 06 00 50 EB EE 2A 26 EB EE 2A 08 50 10 28 00 83 63 00 00 0D 0A
Received 2 bytes from server
TX: 45 00 00 28 00 00 00 00 40 06 66 CE 0A 00 00 01 0A 00 00 02 00 50 B7 06 EB EE 2A 08 EB EE 2A 28 50 10 27 FE 90 6F 00 00
Read '
' from tcp
Sending segment of len 17 to remote
Write 'HTTP/1.1 200 OK
' to tcp
Sending segment of len 20 to remote
Write 'Content-Length: 13
' to tcp
Sending segment of len 41 to remote
|* Reverse Order *|
TX: 45 00 00 51 00 00 00 00 40 06 66 A5 0A 00 00 01 0A 00 00 02 00 50 B7 06 EB EE 2A 2D EB EE 2A 28 50 10 28 00 0E 3A 00 00 43 6F 6E 74 65 6E 74 2D 54 79 70 65 3A 20 74 65 78 74 2F 70 6C 61 69 6E 3B 20 63 68 61 72 73 65 74 3D 75 74 66 2D 38 0D 0A
TX: 45 00 00 3C 00 00 00 00 40 06 66 BA 0A 00 00 01 0A 00 00 02 00 50 B7 06 EB EE 2A 19 EB EE 2A 28 50 10 28 00 5D 36 00 00 43 6F 6E 74 65 6E 74 2D 4C 65 6E 67 74 68 3A 20 31 33 0D 0A
TX: 45 00 00 39 00 00 00 00 40 06 66 BD 0A 00 00 01 0A 00 00 02 00 50 B7 06 EB EE 2A 08 EB EE 2A 28 50 10 28 00 D0 96 00 00 48 54 54 50 2F 31 2E 31 20 32 30 30 20 4F 4B 0D 0A
Write 'Content-Type: text/plain; charset=utf-8
' to tcp
RX: 45 00 00 28 00 00 00 00 40 06 66 CE 0A 00 00 02 0A 00 00 01 B7 06 00 50 EB EE 2A 28 EB EE 2A 08 50 10 28 00 90 6D 00 00
RX: 45 00 00 28 00 00 00 00 40 06 66 CE 0A 00 00 02 0A 00 00 01 B7 06 00 50 EB EE 2A 28 EB EE 2A 08 50 10 28 00 90 6D 00 00
RX: 45 00 00 28 00 00 00 00 40 06 66 CE 0A 00 00 02 0A 00 00 01 B7 06 00 50 EB EE 2A 28 EB EE 2A 56 50 10 27 B2 90 6D 00 00
Sending segment of len 2 to remote
TX: 45 00 00 2A 00 00 00 00 40 06 66 CC 0A 00 00 01 0A 00 00 02 00 50 B7 06 EB EE 2A 56 EB EE 2A 28 50 10 28 00 83 13 00 00 0D 0A
Write '
' to tcp
RX: 45 00 00 28 00 00 00 00 40 06 66 CE 0A 00 00 02 0A 00 00 01 B7 06 00 50 EB EE 2A 28 EB EE 2A 58 50 10 27 FE 90 1F 00 00
Sending segment of len 13 to remote
TX: 45 00 00 35 00 00 00 00 40 06 66 C1 0A 00 00 01 0A 00 00 02 00 50 B7 06 EB EE 2A 58 EB EE 2A 28 50 10 28 00 34 21 00 00 48 65 6C 6C 6F 20 57 6F 72 6C 64 21 0A
Write 'Hello World!
' to tcp
Closing socket 1
TX: 45 00 00 28 00 00 00 00 40 06 66 CE 0A 00 00 01 0A 00 00 02 00 50 B7 06 EB EE 2A 65 00 00 00 00 50 01 28 00 A6 36 00 00
TCP state transitioned from ESTABLISHED to FIN_WAIT_1
RX: 45 00 00 28 00 00 00 00 40 06 66 CE 0A 00 00 02 0A 00 00 01 B7 06 00 50 EB EE 2A 28 EB EE 2A 65 50 10 27 F3 90 1D 00 00
TCP state transitioned from FIN_WAIT_1 to FIN_WAIT_2
RX: 45 00 00 28 00 00 00 00 40 06 66 CE 0A 00 00 02 0A 00 00 01 B7 06 00 50 EB EE 2A 28 EB EE 2A 66 50 10 27 F3 90 1C 00 00
RX: 45 00 00 28 00 00 00 00 40 06 66 CE 0A 00 00 02 0A 00 00 01 B7 06 00 50 EB EE 2A 28 00 00 00 00 50 01 28 00 A6 73 00 00
TX: 45 00 00 28 00 00 00 00 40 06 66 CE 0A 00 00 01 0A 00 00 02 00 50 B7 06 EB EE 2A 66 EB EE 2A 29 50 10 28 00 90 0E 00 00
TCP state transitioned from FIN_WAIT_2 to TIME_WAIT
TCP state transitioned from TIME_WAIT to TIME_WAIT
|* Time Wait *|
