Local IP is 10.0.0.2
Remote IP is 10.0.0.1
Using local addr: c
Using remote addr: s
Saving packets to lab-client.pcap
TCP state transitioned from CLOSED to SYN_SENT
TX: 45 00 00 2C 00 00 00 00 40 06 66 CA 0A 00 00 02 0A 00 00 01 B7 06 00 50 EB EE 29 DB 00 00 00 00 60 02 28 00 8F 03 00 00 02 04 05 B4
Writing http response body to /Users/legend/Desktop/tcp-lab/index.html
RX: 45 00 00 2C 00 00 00 00 40 06 66 CA 0A 00 00 01 0A 00 00 02 00 50 B7 06 EB EE 2A 07 EB EE 29 DC 60 12 28 00 78 FC 00 00 02 04 05 B4
Remote MSS is 1460
seg_ack = 3958254044
seg_len = 0
TCP state transitioned from SYN_SENT to ESTABLISHED
TX: 45 00 00 28 00 00 00 00 40 06 66 CE 0A 00 00 02 0A 00 00 01 B7 06 00 50 EB EE 29 DC EB EE 2A 08 50 10 28 00 90 B9 00 00
Sending segment of len 26 to remote
TX: 45 00 00 42 00 00 00 00 40 06 66 B4 0A 00 00 02 0A 00 00 01 B7 06 00 50 EB EE 29 DC EB EE 2A 08 50 10 28 00 DB EC 00 00 47 45 54 20 2F 69 6E 64 65 78 2E 68 74 6D 6C 20 48 54 54 50 2F 31 2E 31 0D 0A
Write 'GET /index.html HTTP/1.1
' to tcp
RX: 45 00 00 28 00 00 00 00 40 06 66 CE 0A 00 00 01 0A 00 00 02 00 50 B7 06 EB EE 2A 08 EB EE 29 F6 50 10 27 E6 90 B9 00 00
Sending segment of len 13 to remote
TX: 45 00 00 35 00 00 00 00 40 06 66 C1 0A 00 00 02 0A 00 00 01 B7 06 00 50 EB EE 29 F6 EB EE 2A 08 50 10 28 00 E2 F8 00 00 41 63 63 65 70 74 3A 20 2A 2F 2A 0D 0A
Write 'Accept: */*
' to tcp
RX: 45 00 00 28 00 00 00 00 40 06 66 CE 0A 00 00 01 0A 00 00 02 00 50 B7 06 EB EE 2A 08 EB EE 2A 03 50 10 27 F3 90 9F 00 00
Sending segment of len 16 to remote
TX: 45 00 00 38 00 00 00 00 40 06 66 BE 0A 00 00 02 0A 00 00 01 B7 06 00 50 EB EE 2A 03 EB EE 2A 08 50 10 28 00 D1 B2 00 00 48 6F 73 74 3A 20 31 30 2E 30 2E 30 2E 31 0D 0A
Write 'Host: 10.0.0.1
' to tcp
RX: 45 00 00 28 00 00 00 00 40 06 66 CE 0A 00 00 01 0A 00 00 02 00 50 B7 06 EB EE 2A 08 EB EE 2A 13 50 10 27 F0 90 92 00 00
Sending segment of len 19 to remote
TX: 45 00 00 3B 00 00 00 00 40 06 66 BB 0A 00 00 02 0A 00 00 01 B7 06 00 50 EB EE 2A 13 EB EE 2A 08 50 10 28 00 39 49 00 00 43 6F 6E 6E 65 63 74 69 6F 6E 3A 20 43 6C 6F 73 65 0D 0A
Write 'Connection: Close
' to tcp
RX: 45 00 00 28 00 00 00 00 40 06 66 CE 0A 00 00 01 0A 00 00 02 00 50 B7 06 EB EE 2A 08 EB EE 2A 26 50 10 27 ED 90 82 00 00
Sending segment of len 2 to remote
TX: 45 00 00 2A 00 00 00 00 40 06 66 CC 0A 00 00 02 0A 00 00 01 B7 06 00 50 EB EE 2A 26 EB EE 2A 08 50 10 28 00 83 63 00 00 0D 0A
Write '
' to tcp
RX: 45 00 00 28 00 00 00 00 40 06 66 CE 0A 00 00 01 0A 00 00 02 00 50 B7 06 EB EE 2A 08 EB EE 2A 28 50 10 27 FE 90 6F 00 00
RX: 45 00 00 51 00 00 00 00 40 06 66 A5 0A 00 00 01 0A 00 00 02 00 50 B7 06 EB EE 2A 2D EB EE 2A 28 50 10 28 00 0E 3A 00 00 43 6F 6E 74 65 6E 74 2D 54 79 70 65 3A 20 74 65 78 74 2F 70 6C 61 69 6E 3B 20 63 68 61 72 73 65 74 3D 75 74 66 2D 38 0D 0A
Received 41 bytes from server
|* Push Out of Order Queue *|
out_of_order queue size = 1
TX: 45 00 00 28 00 00 00 00 40 06 66 CE 0A 00 00 02 0A 00 00 01 B7 06 00 50 EB EE 2A 28 EB EE 2A 08 50 10 28 00 90 6D 00 00
RX: 45 00 00 3C 00 00 00 00 40 06 66 BA 0A 00 00 01 0A 00 00 02 00 50 B7 06 EB EE 2A 19 EB EE 2A 28 50 10 28 00 5D 36 00 00 43 6F 6E 74 65 6E 74 2D 4C 65 6E 67 74 68 3A 20 31 33 0D 0A
Received 20 bytes from server
|* Push Out of Order Queue *|
out_of_order queue size = 2
TX: 45 00 00 28 00 00 00 00 40 06 66 CE 0A 00 00 02 0A 00 00 01 B7 06 00 50 EB EE 2A 28 EB EE 2A 08 50 10 28 00 90 6D 00 00
RX: 45 00 00 39 00 00 00 00 40 06 66 BD 0A 00 00 01 0A 00 00 02 00 50 B7 06 EB EE 2A 08 EB EE 2A 28 50 10 28 00 D0 96 00 00 48 54 54 50 2F 31 2E 31 20 32 30 30 20 4F 4B 0D 0A
Received 17 bytes from server
|* Reorder *|
out_of_order queue size = 1
|* Reorder *|
out_of_order queue size = 0
TX: 45 00 00 28 00 00 00 00 40 06 66 CE 0A 00 00 02 0A 00 00 01 B7 06 00 50 EB EE 2A 28 EB EE 2A 56 50 10 27 B2 90 6D 00 00
Read 'HTTP/1.1 200 OK
Content-Length: 13
Content-Type: text/plain; charset=utf-8
' from tcp
RX: 45 00 00 2A 00 00 00 00 40 06 66 CC 0A 00 00 01 0A 00 00 02 00 50 B7 06 EB EE 2A 56 EB EE 2A 28 50 10 28 00 83 13 00 00 0D 0A
Received 2 bytes from server
TX: 45 00 00 28 00 00 00 00 40 06 66 CE 0A 00 00 02 0A 00 00 01 B7 06 00 50 EB EE 2A 28 EB EE 2A 58 50 10 27 FE 90 1F 00 00
Read '
' from tcp
Content Length is 13
RX: 45 00 00 35 00 00 00 00 40 06 66 C1 0A 00 00 01 0A 00 00 02 00 50 B7 06 EB EE 2A 58 EB EE 2A 28 50 10 28 00 34 21 00 00 48 65 6C 6C 6F 20 57 6F 72 6C 64 21 0A
Received 13 bytes from server
TX: 45 00 00 28 00 00 00 00 40 06 66 CE 0A 00 00 02 0A 00 00 01 B7 06 00 50 EB EE 2A 28 EB EE 2A 65 50 10 27 F3 90 1D 00 00
RX: 45 00 00 28 00 00 00 00 40 06 66 CE 0A 00 00 01 0A 00 00 02 00 50 B7 06 EB EE 2A 65 00 00 00 00 50 01 28 00 A6 36 00 00
TX: 45 00 00 28 00 00 00 00 40 06 66 CE 0A 00 00 02 0A 00 00 01 B7 06 00 50 EB EE 2A 28 EB EE 2A 66 50 10 27 F3 90 1C 00 00
TCP state transitioned from ESTABLISHED to CLOSE_WAIT
Read 'Hello World!
' from tcp
TX: 45 00 00 28 00 00 00 00 40 06 66 CE 0A 00 00 02 0A 00 00 01 B7 06 00 50 EB EE 2A 28 00 00 00 00 50 01 28 00 A6 73 00 00
TCP state transitioned from CLOSE_WAIT to LAST_ACK
RX: 45 00 00 28 00 00 00 00 40 06 66 CE 0A 00 00 01 0A 00 00 02 00 50 B7 06 EB EE 2A 66 EB EE 2A 29 50 10 28 00 90 0E 00 00
TCP state transitioned from LAST_ACK to CLOSED
Removing TCP connection fd=0
