Local IP is 10.0.0.1
Remote IP is 10.0.0.2
Using local addr: s
Using remote addr: c
Saving packets to lab-server.pcap
TCP state transitioned from CLOSED to LISTEN
Listening on 80 port
RX: 45 00 00 2C 00 00 00 00 40 06 66 CA 0A 00 00 02 0A 00 00 01 9C 43 00 50 C3 1B 14 84 00 00 00 00 60 02 28 00 E7 F0 00 00 02 04 05 B4
Remote MSS is 1460
TX: 45 00 00 2C 00 00 00 00 40 06 66 CA 0A 00 00 01 0A 00 00 02 00 50 9C 43 C3 1B 14 B1 C3 1B 14 85 60 12 28 00 10 13 00 00 02 04 05 B4
|* Push Retransmission Queue *|
retransmission queue size = 1
TCP state transitioned from CLOSED to SYN_RCVD
|* Retransmission *|
RX: 45 00 00 28 00 00 00 00 40 06 66 CE 0A 00 00 02 0A 00 00 01 9C 43 00 50 C3 1B 14 85 C3 1B 14 B2 50 10 28 00 27 D0 00 00
|* Pop Retransmission Queue *|
retransmission queue size = 0
TCP state transitioned from SYN_RCVD to ESTABLISHED
Got new TCP connection: fd=1
RX: 45 00 00 5F 00 00 00 00 40 06 66 97 0A 00 00 02 0A 00 00 01 9C 43 00 50 C3 1B 14 85 C3 1B 14 B2 50 10 28 00 F5 8D 00 00 47 45 54 20 2F 69 6E 64 65 78 2E 68 74 6D 6C 20 48 54 54 50 2F 31 2E 31 0D 0A 41 63 63 65 70 74 3A 20 2A 2F 2A 0D 0A 48 6F 73 74 3A 20 31 30 2E 30 2E 30 2E 31 0D 0A
|* Pop Retransmission Queue *|
retransmission queue size = 0
Received 55 bytes from server
TX: 45 00 00 28 00 00 00 00 40 06 66 CE 0A 00 00 01 0A 00 00 02 00 50 9C 43 C3 1B 14 B2 C3 1B 14 BC 50 10 27 C9 27 D0 00 00
Read 'GET /index.html HTTP/1.1
Accept: */*
Host: 10.0.0.1
' from tcp
RX: 45 00 00 3D 00 00 00 00 40 06 66 B9 0A 00 00 02 0A 00 00 01 9C 43 00 50 C3 1B 14 BC C3 1B 14 B2 50 10 28 00 C6 50 00 00 43 6F 6E 6E 65 63 74 69 6F 6E 3A 20 43 6C 6F 73 65 0D 0A 0D 0A
|* Pop Retransmission Queue *|
retransmission queue size = 0
Received 21 bytes from server
TX: 45 00 00 28 00 00 00 00 40 06 66 CE 0A 00 00 01 0A 00 00 02 00 50 9C 43 C3 1B 14 B2 C3 1B 14 D1 50 10 27 EB 27 99 00 00
Read 'Connection: Close

' from tcp
|* Enter Nagle *|
bytes_to_send: 17
nagle_buffer_size: 17
|* Nagle Saved 17 *|
Write 'HTTP/1.1 200 OK
' to tcp
|* Nagle *|
|* Enter Nagle *|
bytes_to_send: 20
nagle_buffer_size: 37
|* Nagle Saved 37 *|
Write 'Content-Length: 13
' to tcp
|* Nagle *|
|* Nagle Clear *|
nagle_buffer_size: 37
remote_mss: 1460
segment_len: 37
Sending segment of len 37 to remote
TX: 45 00 00 4D 00 00 00 00 40 06 66 A9 0A 00 00 01 0A 00 00 02 00 50 9C 43 C3 1B 14 B2 C3 1B 14 D1 50 10 28 00 55 66 00 00 48 54 54 50 2F 31 2E 31 20 32 30 30 20 4F 4B 0D 0A 43 6F 6E 74 65 6E 74 2D 4C 65 6E 67 74 68 3A 20 31 33 0D 0A
|* Push Retransmission Queue *|
retransmission queue size = 1
Sending segment of len 41 to remote
TX: 45 00 00 51 00 00 00 00 40 06 66 A5 0A 00 00 01 0A 00 00 02 00 50 9C 43 C3 1B 14 D7 C3 1B 14 D1 50 10 28 00 A5 50 00 00 43 6F 6E 74 65 6E 74 2D 54 79 70 65 3A 20 74 65 78 74 2F 70 6C 61 69 6E 3B 20 63 68 61 72 73 65 74 3D 75 74 66 2D 38 0D 0A
|* Push Retransmission Queue *|
retransmission queue size = 2
Write 'Content-Type: text/plain; charset=utf-8
' to tcp
|* Retransmission *|
current_ms = 64636216
start_ms = 64636216
start_ms = 64636216
|* Retransmission *|
current_ms = 64636216
start_ms = 64636216
start_ms = 64636216
RX: 45 00 00 28 00 00 00 00 40 06 66 CE 0A 00 00 02 0A 00 00 01 9C 43 00 50 C3 1B 14 D1 C3 1B 14 D7 50 10 27 DB 27 84 00 00
|* Pop Retransmission Queue *|
|* Pop ! *|
retransmission queue size = 1
RX: 45 00 00 28 00 00 00 00 40 06 66 CE 0A 00 00 02 0A 00 00 01 9C 43 00 50 C3 1B 14 D1 C3 1B 15 00 50 10 27 B2 27 84 00 00
|* Pop Retransmission Queue *|
|* Pop ! *|
retransmission queue size = 0
|* Enter Nagle *|
bytes_to_send: 2
nagle_buffer_size: 2
|* Nagle Saved 2 *|
Write '
' to tcp
|* Nagle *|
|* Enter Nagle *|
bytes_to_send: 13
nagle_buffer_size: 15
|* Nagle Saved 15 *|
Write 'Hello World!
' to tcp
Closing socket 1
|* Nagle Clear *|
nagle_buffer_size: 15
remote_mss: 1460
segment_len: 15
Sending segment of len 15 to remote
TX: 45 00 00 37 00 00 00 00 40 06 66 BF 0A 00 00 01 0A 00 00 02 00 50 9C 43 C3 1B 15 00 C3 1B 14 D1 50 10 28 00 BE 2D 00 00 0D 0A 48 65 6C 6C 6F 20 57 6F 72 6C 64 21 0A
|* Push Retransmission Queue *|
retransmission queue size = 1
TX: 45 00 00 28 00 00 00 00 40 06 66 CE 0A 00 00 01 0A 00 00 02 00 50 9C 43 C3 1B 15 0F 00 00 00 00 50 01 28 00 FF 22 00 00
|* Push Retransmission Queue *|
retransmission queue size = 2
TCP state transitioned from ESTABLISHED to FIN_WAIT_1
|* Nagle *|
|* Retransmission *|
current_ms = 64636416
start_ms = 64636416
start_ms = 64636416
|* Retransmission *|
current_ms = 64636416
start_ms = 64636416
start_ms = 64636416
RX: 45 00 00 28 00 00 00 00 40 06 66 CE 0A 00 00 02 0A 00 00 01 9C 43 00 50 C3 1B 14 D1 C3 1B 15 0F 50 10 27 F1 27 36 00 00
|* Pop Retransmission Queue *|
|* Pop ! *|
retransmission queue size = 1
TCP state transitioned from FIN_WAIT_1 to FIN_WAIT_2
RX: 45 00 00 28 00 00 00 00 40 06 66 CE 0A 00 00 02 0A 00 00 01 9C 43 00 50 C3 1B 14 D1 C3 1B 15 10 50 10 27 F1 27 35 00 00
|* Pop Retransmission Queue *|
|* Pop ! *|
retransmission queue size = 0
RX: 45 00 00 28 00 00 00 00 40 06 66 CE 0A 00 00 02 0A 00 00 01 9C 43 00 50 C3 1B 14 D1 00 00 00 00 50 01 28 00 FF 60 00 00
TX: 45 00 00 28 00 00 00 00 40 06 66 CE 0A 00 00 01 0A 00 00 02 00 50 9C 43 C3 1B 15 10 C3 1B 14 D2 50 10 28 00 27 25 00 00
TCP state transitioned from FIN_WAIT_2 to TIME_WAIT
TCP state transitioned from TIME_WAIT to TIME_WAIT
|* Time Wait *|
|* Nagle *|
|* Nagle *|
|* Nagle *|
|* Retransmission *|
|* Retransmission *|
|* Retransmission *|
|* Retransmission *|
|* Time Wait *|
