Local IP is 10.0.0.1
Remote IP is 10.0.0.2
Using local addr: s
Using remote addr: c
Saving packets to lab-server.pcap
TCP state transitioned from CLOSED to LISTEN
Listening on 80 port
RX: 45 00 00 2C 00 00 00 00 40 06 66 CA 0A 00 00 02 0A 00 00 01 A0 B8 00 50 C7 FD 60 72 00 00 00 00 60 02 28 00 98 5A 00 00 02 04 00 05
Remote MSS is 5
TX: 45 00 00 2C 00 00 00 00 40 06 66 CA 0A 00 00 01 0A 00 00 02 00 50 A0 B8 C7 FD 60 9C C7 FD 60 73 60 12 28 00 6F AF 00 00 02 04 00 05
full_ack = 0
|* Push Retransmission Queue *|
|* Push Packet *|
retransmission queue size = 1
TCP state transitioned from CLOSED to SYN_RCVD
|* Retransmission *|
RX: 45 00 00 28 00 00 00 00 40 06 66 CE 0A 00 00 02 0A 00 00 01 A0 B8 00 50 C7 FD 60 73 C7 FD 60 9D 50 10 28 00 81 BD 00 00
|* Pop Retransmission Queue *|
retransmission queue size = 0
TCP state transitioned from SYN_RCVD to ESTABLISHED
Got new TCP connection: fd=1
RX: 45 00 00 2D 00 00 00 00 40 06 66 C9 0A 00 00 02 0A 00 00 01 A0 B8 00 50 C7 FD 60 73 C7 FD 60 9D 50 10 28 00 B7 52 00 00 47 45 54 20 2F
|* Pop Retransmission Queue *|
retransmission queue size = 0
Received 5 bytes from server
TX: 45 00 00 28 00 00 00 00 40 06 66 CE 0A 00 00 01 0A 00 00 02 00 50 A0 B8 C7 FD 60 9D C7 FD 60 78 50 10 27 FB 81 BD 00 00
Read 'GET /' from tcp
RX: 45 00 00 2D 00 00 00 00 40 06 66 C9 0A 00 00 02 0A 00 00 01 A0 B8 00 50 C7 FD 60 78 C7 FD 60 9D 50 10 28 00 3B DF 00 00 69 6E 64 65 78
|* Pop Retransmission Queue *|
retransmission queue size = 0
Received 5 bytes from server
TX: 45 00 00 28 00 00 00 00 40 06 66 CE 0A 00 00 01 0A 00 00 02 00 50 A0 B8 C7 FD 60 9D C7 FD 60 7D 50 10 27 FB 81 B8 00 00
RX: 45 00 00 2D 00 00 00 00 40 06 66 C9 0A 00 00 02 0A 00 00 01 A0 B8 00 50 C7 FD 60 7D C7 FD 60 9D 50 10 28 00 72 D8 00 00 2E 68 74 6D 6C
|* Pop Retransmission Queue *|
retransmission queue size = 0
Received 5 bytes from server
TX: 45 00 00 28 00 00 00 00 40 06 66 CE 0A 00 00 01 0A 00 00 02 00 50 A0 B8 C7 FD 60 9D C7 FD 60 82 50 10 27 F6 81 B8 00 00
Read 'index.html' from tcp
RX: 45 00 00 2D 00 00 00 00 40 06 66 C9 0A 00 00 02 0A 00 00 01 A0 B8 00 50 C7 FD 60 82 C7 FD 60 9D 50 10 28 00 BD 0C 00 00 20 48 54 54 50
|* Pop Retransmission Queue *|
retransmission queue size = 0
Received 5 bytes from server
TX: 45 00 00 28 00 00 00 00 40 06 66 CE 0A 00 00 01 0A 00 00 02 00 50 A0 B8 C7 FD 60 9D C7 FD 60 87 50 10 27 FB 81 AE 00 00
RX: 45 00 00 2D 00 00 00 00 40 06 66 C9 0A 00 00 02 0A 00 00 01 A0 B8 00 50 C7 FD 60 87 C7 FD 60 9D 50 10 28 00 17 42 00 00 2F 31 2E 31 0D
|* Pop Retransmission Queue *|
retransmission queue size = 0
Received 5 bytes from server
TX: 45 00 00 28 00 00 00 00 40 06 66 CE 0A 00 00 01 0A 00 00 02 00 50 A0 B8 C7 FD 60 9D C7 FD 60 8C 50 10 27 F6 81 AE 00 00
RX: 45 00 00 2D 00 00 00 00 40 06 66 C9 0A 00 00 02 0A 00 00 01 A0 B8 00 50 C7 FD 60 8C C7 FD 60 9D 50 10 28 00 AE FA 00 00 0A 41 63 63 65
|* Pop Retransmission Queue *|
retransmission queue size = 0
Received 5 bytes from server
TX: 45 00 00 28 00 00 00 00 40 06 66 CE 0A 00 00 01 0A 00 00 02 00 50 A0 B8 C7 FD 60 9D C7 FD 60 91 50 10 27 F1 81 AE 00 00
RX: 45 00 00 2D 00 00 00 00 40 06 66 C9 0A 00 00 02 0A 00 00 01 A0 B8 00 50 C7 FD 60 91 C7 FD 60 9D 50 10 28 00 AD 05 00 00 70 74 3A 20 2A
|* Pop Retransmission Queue *|
retransmission queue size = 0
Received 5 bytes from server
TX: 45 00 00 28 00 00 00 00 40 06 66 CE 0A 00 00 01 0A 00 00 02 00 50 A0 B8 C7 FD 60 9D C7 FD 60 96 50 10 27 EC 81 AE 00 00
Read ' HTTP/1.1
Accept: *' from tcp
RX: 45 00 00 2D 00 00 00 00 40 06 66 C9 0A 00 00 02 0A 00 00 01 A0 B8 00 50 C7 FD 60 96 C7 FD 60 9D 50 10 28 00 FD 60 00 00 2F 2A 0D 0A 48
|* Pop Retransmission Queue *|
retransmission queue size = 0
Received 5 bytes from server
TX: 45 00 00 28 00 00 00 00 40 06 66 CE 0A 00 00 01 0A 00 00 02 00 50 A0 B8 C7 FD 60 9D C7 FD 60 9B 50 10 27 FB 81 9A 00 00
RX: 45 00 00 2D 00 00 00 00 40 06 66 C9 0A 00 00 02 0A 00 00 01 A0 B8 00 50 C7 FD 60 9B C7 FD 60 9D 50 10 28 00 7D E2 00 00 6F 73 74 3A 20
Recv packet dropped
RX: 45 00 00 2D 00 00 00 00 40 06 66 C9 0A 00 00 02 0A 00 00 01 A0 B8 00 50 C7 FD 60 A0 C7 FD 60 9D 50 10 28 00 F4 2A 00 00 31 30 2E 30 2E
|* Pop Retransmission Queue *|
retransmission queue size = 0
Received 5 bytes from server
|* Push Out of Order Queue *|
out_of_order queue size = 1
TX: 45 00 00 28 00 00 00 00 40 06 66 CE 0A 00 00 01 0A 00 00 02 00 50 A0 B8 C7 FD 60 9D C7 FD 60 9B 50 10 27 FB 81 9A 00 00
RX: 45 00 00 2D 00 00 00 00 40 06 66 C9 0A 00 00 02 0A 00 00 01 A0 B8 00 50 C7 FD 60 A5 C7 FD 60 9D 50 10 28 00 16 4B 00 00 30 2E 31 0D 0A
Recv packet dropped
RX: 45 00 00 2D 00 00 00 00 40 06 66 C9 0A 00 00 02 0A 00 00 01 A0 B8 00 50 C7 FD 60 AA C7 FD 60 9D 50 10 28 00 6A A3 00 00 43 6F 6E 6E 65
|* Pop Retransmission Queue *|
retransmission queue size = 0
Received 5 bytes from server
|* Push Out of Order Queue *|
out_of_order queue size = 2
TX: 45 00 00 28 00 00 00 00 40 06 66 CE 0A 00 00 01 0A 00 00 02 00 50 A0 B8 C7 FD 60 9D C7 FD 60 9B 50 10 27 FB 81 9A 00 00
RX: 45 00 00 2D 00 00 00 00 40 06 66 C9 0A 00 00 02 0A 00 00 01 A0 B8 00 50 C7 FD 60 AF C7 FD 60 9D 50 10 28 00 46 98 00 00 63 74 69 6F 6E
|* Pop Retransmission Queue *|
retransmission queue size = 0
Received 5 bytes from server
|* Push Out of Order Queue *|
out_of_order queue size = 3
TX: 45 00 00 28 00 00 00 00 40 06 66 CE 0A 00 00 01 0A 00 00 02 00 50 A0 B8 C7 FD 60 9D C7 FD 60 9B 50 10 27 FB 81 9A 00 00
RX: 45 00 00 2D 00 00 00 00 40 06 66 C9 0A 00 00 02 0A 00 00 01 A0 B8 00 50 C7 FD 60 B4 C7 FD 60 9D 50 10 28 00 94 EA 00 00 3A 20 43 6C 6F
|* Pop Retransmission Queue *|
retransmission queue size = 0
Received 5 bytes from server
|* Push Out of Order Queue *|
out_of_order queue size = 4
TX: 45 00 00 28 00 00 00 00 40 06 66 CE 0A 00 00 01 0A 00 00 02 00 50 A0 B8 C7 FD 60 9D C7 FD 60 9B 50 10 27 FB 81 9A 00 00
RX: 45 00 00 2C 00 00 00 00 40 06 66 CA 0A 00 00 02 0A 00 00 01 A0 B8 00 50 C7 FD 60 B9 C7 FD 60 9D 50 10 28 00 01 04 00 00 73 65 0D 0A
|* Pop Retransmission Queue *|
retransmission queue size = 0
Received 4 bytes from server
|* Push Out of Order Queue *|
out_of_order queue size = 5
TX: 45 00 00 28 00 00 00 00 40 06 66 CE 0A 00 00 01 0A 00 00 02 00 50 A0 B8 C7 FD 60 9D C7 FD 60 9B 50 10 27 FB 81 9A 00 00
Read '/*
H' from tcp
RX: 45 00 00 2A 00 00 00 00 40 06 66 CC 0A 00 00 02 0A 00 00 01 A0 B8 00 50 C7 FD 60 BD C7 FD 60 9D 50 10 28 00 74 67 00 00 0D 0A
|* Pop Retransmission Queue *|
retransmission queue size = 0
Received 2 bytes from server
|* Push Out of Order Queue *|
out_of_order queue size = 6
TX: 45 00 00 28 00 00 00 00 40 06 66 CE 0A 00 00 01 0A 00 00 02 00 50 A0 B8 C7 FD 60 9D C7 FD 60 9B 50 10 28 00 81 95 00 00
RX: 45 00 00 2D 00 00 00 00 40 06 66 C9 0A 00 00 02 0A 00 00 01 A0 B8 00 50 C7 FD 60 9B C7 FD 60 9D 50 10 28 00 7D E2 00 00 6F 73 74 3A 20
|* Pop Retransmission Queue *|
retransmission queue size = 0
Received 5 bytes from server
|* Reorder *|
out_of_order queue size = 5
|* Reorder *|
TX: 45 00 00 28 00 00 00 00 40 06 66 CE 0A 00 00 01 0A 00 00 02 00 50 A0 B8 C7 FD 60 9D C7 FD 60 A5 50 10 27 F6 81 95 00 00
RX: 45 00 00 2D 00 00 00 00 40 06 66 C9 0A 00 00 02 0A 00 00 01 A0 B8 00 50 C7 FD 60 A5 C7 FD 60 9D 50 10 28 00 16 4B 00 00 30 2E 31 0D 0A
|* Pop Retransmission Queue *|
retransmission queue size = 0
Received 5 bytes from server
|* Reorder *|
out_of_order queue size = 4
|* Reorder *|
out_of_order queue size = 3
|* Reorder *|
out_of_order queue size = 2
|* Reorder *|
out_of_order queue size = 1
|* Reorder *|
out_of_order queue size = 0
TX: 45 00 00 28 00 00 00 00 40 06 66 CE 0A 00 00 01 0A 00 00 02 00 50 A0 B8 C7 FD 60 9D C7 FD 60 BF 50 10 27 DC 81 95 00 00
Read 'ost: 10.0.0.1
Connection: Close

' from tcp
Sending segment of len 5 to remote
TX: 45 00 00 2D 00 00 00 00 40 06 66 C9 0A 00 00 01 0A 00 00 02 00 50 A0 B8 C7 FD 60 9D C7 FD 60 BF 50 10 28 00 B5 C7 00 00 48 54 54 50 2F
full_ack = 3355271330
|* Push Retransmission Queue *|
|* Push Packet *|
retransmission queue size = 1
Restrict by CWND
Write 'HTTP/1.1 200 OK
' to tcp
|* Retransmission *|
RX: 45 00 00 28 00 00 00 00 40 06 66 CE 0A 00 00 02 0A 00 00 01 A0 B8 00 50 C7 FD 60 BF C7 FD 60 A2 50 10 27 FB 81 71 00 00
|* Pop Retransmission Queue *|
|* Pop Packet *|
slow start: cwnd = 10 ssthresh = 40
retransmission queue size = 0
Sending segment of len 5 to remote
TX: 45 00 00 2D 00 00 00 00 40 06 66 C9 0A 00 00 01 0A 00 00 02 00 50 A0 B8 C7 FD 60 A2 C7 FD 60 BF 50 10 28 00 ED 18 00 00 31 2E 31 20 32
full_ack = 3355271335
|* Push Retransmission Queue *|
|* Push Packet *|
retransmission queue size = 1
Sending segment of len 5 to remote
TX: 45 00 00 2D 00 00 00 00 40 06 66 C9 0A 00 00 01 0A 00 00 02 00 50 A0 B8 C7 FD 60 A7 C7 FD 60 BF 50 10 28 00 E5 E2 00 00 30 30 20 4F 4B
full_ack = 3355271340
|* Push Retransmission Queue *|
|* Push Packet *|
retransmission queue size = 2
Restrict by CWND
Write 'Content-Length: 13
' to tcp
|* Retransmission *|
|* Retransmission *|
RX: 45 00 00 28 00 00 00 00 40 06 66 CE 0A 00 00 02 0A 00 00 01 A0 B8 00 50 C7 FD 60 BF C7 FD 60 A7 50 10 27 FB 81 6C 00 00
|* Pop Retransmission Queue *|
|* Pop Packet *|
slow start: cwnd = 15 ssthresh = 40
retransmission queue size = 1
RX: 45 00 00 28 00 00 00 00 40 06 66 CE 0A 00 00 02 0A 00 00 01 A0 B8 00 50 C7 FD 60 BF C7 FD 60 AC 50 10 27 F6 81 6C 00 00
|* Pop Retransmission Queue *|
|* Pop Packet *|
slow start: cwnd = 20 ssthresh = 40
retransmission queue size = 0
Sending segment of len 5 to remote
TX: 45 00 00 2D 00 00 00 00 40 06 66 C9 0A 00 00 01 0A 00 00 02 00 50 A0 B8 C7 FD 60 AC C7 FD 60 BF 50 10 28 00 C2 E3 00 00 0D 0A 43 6F 6E
full_ack = 3355271345
|* Push Retransmission Queue *|
|* Push Packet *|
retransmission queue size = 1
Sending segment of len 5 to remote
TX: 45 00 00 2D 00 00 00 00 40 06 66 C9 0A 00 00 01 0A 00 00 02 00 50 A0 B8 C7 FD 60 B1 C7 FD 60 BF 50 10 28 00 71 7E 00 00 74 65 6E 74 2D
full_ack = 3355271350
|* Push Retransmission Queue *|
|* Push Packet *|
retransmission queue size = 2
Sending segment of len 5 to remote
TX: 45 00 00 2D 00 00 00 00 40 06 66 C9 0A 00 00 01 0A 00 00 02 00 50 A0 B8 C7 FD 60 B6 C7 FD 60 BF 50 10 28 00 52 86 00 00 4C 65 6E 67 74
full_ack = 3355271355
|* Push Retransmission Queue *|
|* Push Packet *|
retransmission queue size = 3
Sending segment of len 5 to remote
TX: 45 00 00 2D 00 00 00 00 40 06 66 C9 0A 00 00 01 0A 00 00 02 00 50 A0 B8 C7 FD 60 BB C7 FD 60 BF 50 10 28 00 C5 E2 00 00 68 3A 20 31 33
full_ack = 3355271360
|* Push Retransmission Queue *|
|* Push Packet *|
retransmission queue size = 4
Restrict by CWND
Write 'Content-Type: text/plain; charset=utf-8
' to tcp
|* Retransmission *|
|* Retransmission *|
|* Retransmission *|
|* Retransmission *|
RX: 45 00 00 28 00 00 00 00 40 06 66 CE 0A 00 00 02 0A 00 00 01 A0 B8 00 50 C7 FD 60 BF C7 FD 60 B1 50 10 27 FB 81 62 00 00
|* Pop Retransmission Queue *|
|* Pop Packet *|
slow start: cwnd = 25 ssthresh = 40
retransmission queue size = 3
RX: 45 00 00 28 00 00 00 00 40 06 66 CE 0A 00 00 02 0A 00 00 01 A0 B8 00 50 C7 FD 60 BF C7 FD 60 B6 50 10 27 F6 81 62 00 00
|* Pop Retransmission Queue *|
|* Pop Packet *|
slow start: cwnd = 30 ssthresh = 40
retransmission queue size = 2
RX: 45 00 00 28 00 00 00 00 40 06 66 CE 0A 00 00 02 0A 00 00 01 A0 B8 00 50 C7 FD 60 BF C7 FD 60 BB 50 10 27 F1 81 62 00 00
|* Pop Retransmission Queue *|
|* Pop Packet *|
slow start: cwnd = 35 ssthresh = 40
retransmission queue size = 1
RX: 45 00 00 28 00 00 00 00 40 06 66 CE 0A 00 00 02 0A 00 00 01 A0 B8 00 50 C7 FD 60 BF C7 FD 60 C0 50 10 27 EC 81 62 00 00
|* Pop Retransmission Queue *|
|* Pop Packet *|
slow start: cwnd = 40 ssthresh = 40
TCP Reno state transitioned from SLOW_START to CONGESTION_AVOIDANCE
retransmission queue size = 0
Sending segment of len 5 to remote
TX: 45 00 00 2D 00 00 00 00 40 06 66 C9 0A 00 00 01 0A 00 00 02 00 50 A0 B8 C7 FD 60 C0 C7 FD 60 BF 50 10 28 00 C2 CF 00 00 0D 0A 43 6F 6E
full_ack = 3355271365
|* Push Retransmission Queue *|
|* Push Packet *|
retransmission queue size = 1
Sending segment of len 5 to remote
TX: 45 00 00 2D 00 00 00 00 40 06 66 C9 0A 00 00 01 0A 00 00 02 00 50 A0 B8 C7 FD 60 C5 C7 FD 60 BF 50 10 28 00 71 6A 00 00 74 65 6E 74 2D
full_ack = 3355271370
|* Push Retransmission Queue *|
|* Push Packet *|
retransmission queue size = 2
Sending segment of len 5 to remote
TX: 45 00 00 2D 00 00 00 00 40 06 66 C9 0A 00 00 01 0A 00 00 02 00 50 A0 B8 C7 FD 60 CA C7 FD 60 BF 50 10 28 00 82 60 00 00 54 79 70 65 3A
full_ack = 3355271375
|* Push Retransmission Queue *|
|* Push Packet *|
retransmission queue size = 3
Sending segment of len 5 to remote
TX: 45 00 00 2D 00 00 00 00 40 06 66 C9 0A 00 00 01 0A 00 00 02 00 50 A0 B8 C7 FD 60 CF C7 FD 60 BF 50 10 28 00 87 4D 00 00 20 74 65 78 74
full_ack = 3355271380
|* Push Retransmission Queue *|
|* Push Packet *|
retransmission queue size = 4
Sending segment of len 5 to remote
TX: 45 00 00 2D 00 00 00 00 40 06 66 C9 0A 00 00 01 0A 00 00 02 00 50 A0 B8 C7 FD 60 D4 C7 FD 60 BF 50 10 28 00 7C 63 00 00 2F 70 6C 61 69
full_ack = 3355271385
|* Push Retransmission Queue *|
|* Push Packet *|
retransmission queue size = 5
Sending segment of len 5 to remote
TX: 45 00 00 2D 00 00 00 00 40 06 66 C9 0A 00 00 01 0A 00 00 02 00 50 A0 B8 C7 FD 60 D9 C7 FD 60 BF 50 10 28 00 8A 91 00 00 6E 3B 20 63 68
full_ack = 3355271390
|* Push Retransmission Queue *|
|* Push Packet *|
retransmission queue size = 6
Sending segment of len 5 to remote
TX: 45 00 00 2D 00 00 00 00 40 06 66 C9 0A 00 00 01 0A 00 00 02 00 50 A0 B8 C7 FD 60 DE C7 FD 60 BF 50 10 28 00 38 53 00 00 61 72 73 65 74
full_ack = 3355271395
|* Push Retransmission Queue *|
|* Push Packet *|
retransmission queue size = 7
Sending segment of len 5 to remote
TX: 45 00 00 2D 00 00 00 00 40 06 66 C9 0A 00 00 01 0A 00 00 02 00 50 A0 B8 C7 FD 60 E3 C7 FD 60 BF 50 10 28 00 A2 4A 00 00 3D 75 74 66 2D
full_ack = 3355271400
|* Push Retransmission Queue *|
|* Push Packet *|
retransmission queue size = 8
Restrict by CWND
Write '
' to tcp
|* Retransmission *|
|* Retransmission *|
|* Retransmission *|
|* Retransmission *|
|* Retransmission *|
|* Retransmission *|
|* Retransmission *|
|* Retransmission *|
RX: 45 00 00 28 00 00 00 00 40 06 66 CE 0A 00 00 02 0A 00 00 01 A0 B8 00 50 C7 FD 60 BF C7 FD 60 C5 50 10 27 FB 81 4E 00 00
|* Pop Retransmission Queue *|
|* Pop Packet *|
retransmission queue size = 7
RX: 45 00 00 28 00 00 00 00 40 06 66 CE 0A 00 00 02 0A 00 00 01 A0 B8 00 50 C7 FD 60 BF C7 FD 60 CA 50 10 27 F6 81 4E 00 00
|* Pop Retransmission Queue *|
|* Pop Packet *|
retransmission queue size = 6
RX: 45 00 00 28 00 00 00 00 40 06 66 CE 0A 00 00 02 0A 00 00 01 A0 B8 00 50 C7 FD 60 BF C7 FD 60 CF 50 10 27 F1 81 4E 00 00
|* Pop Retransmission Queue *|
|* Pop Packet *|
retransmission queue size = 5
RX: 45 00 00 28 00 00 00 00 40 06 66 CE 0A 00 00 02 0A 00 00 01 A0 B8 00 50 C7 FD 60 BF C7 FD 60 D4 50 10 27 EC 81 4E 00 00
|* Pop Retransmission Queue *|
|* Pop Packet *|
retransmission queue size = 4
RX: 45 00 00 28 00 00 00 00 40 06 66 CE 0A 00 00 02 0A 00 00 01 A0 B8 00 50 C7 FD 60 BF C7 FD 60 D9 50 10 27 E7 81 4E 00 00
|* Pop Retransmission Queue *|
|* Pop Packet *|
retransmission queue size = 3
RX: 45 00 00 28 00 00 00 00 40 06 66 CE 0A 00 00 02 0A 00 00 01 A0 B8 00 50 C7 FD 60 BF C7 FD 60 DE 50 10 27 E2 81 4E 00 00
|* Pop Retransmission Queue *|
|* Pop Packet *|
retransmission queue size = 2
RX: 45 00 00 28 00 00 00 00 40 06 66 CE 0A 00 00 02 0A 00 00 01 A0 B8 00 50 C7 FD 60 BF C7 FD 60 E3 50 10 27 DD 81 4E 00 00
|* Pop Retransmission Queue *|
|* Pop Packet *|
retransmission queue size = 1
RX: 45 00 00 28 00 00 00 00 40 06 66 CE 0A 00 00 02 0A 00 00 01 A0 B8 00 50 C7 FD 60 BF C7 FD 60 E8 50 10 27 D8 81 4E 00 00
|* Pop Retransmission Queue *|
|* Pop Packet *|
congestion avoidance: cwnd = 45 ssthresh = 40
retransmission queue size = 0
Sending segment of len 5 to remote
TX: 45 00 00 2D 00 00 00 00 40 06 66 C9 0A 00 00 01 0A 00 00 02 00 50 A0 B8 C7 FD 60 E8 C7 FD 60 BF 50 10 28 00 35 07 00 00 38 0D 0A 0D 0A
full_ack = 3355271405
|* Push Retransmission Queue *|
|* Push Packet *|
retransmission queue size = 1
Sending segment of len 5 to remote
TX: 45 00 00 2D 00 00 00 00 40 06 66 C9 0A 00 00 01 0A 00 00 02 00 50 A0 B8 C7 FD 60 ED C7 FD 60 BF 50 10 28 00 5D 4A 00 00 48 65 6C 6C 6F
full_ack = 3355271410
|* Push Retransmission Queue *|
|* Push Packet *|
retransmission queue size = 2
Sending segment of len 5 to remote
TX: 45 00 00 2D 00 00 00 00 40 06 66 C9 0A 00 00 01 0A 00 00 02 00 50 A0 B8 C7 FD 60 F2 C7 FD 60 BF 50 10 28 00 85 4D 00 00 20 57 6F 72 6C
full_ack = 3355271415
|* Push Retransmission Queue *|
|* Push Packet *|
retransmission queue size = 3
Sending segment of len 3 to remote
TX: 45 00 00 2B 00 00 00 00 40 06 66 CB 0A 00 00 01 0A 00 00 02 00 50 A0 B8 C7 FD 60 F7 C7 FD 60 BF 50 10 28 00 12 F3 00 00 64 21 0A
full_ack = 3355271418
|* Push Retransmission Queue *|
|* Push Packet *|
retransmission queue size = 4
Write 'Hello World!
' to tcp
Closing socket 1
TX: 45 00 00 28 00 00 00 00 40 06 66 CE 0A 00 00 01 0A 00 00 02 00 50 A0 B8 C7 FD 60 FA 00 00 00 00 50 01 28 00 A9 E0 00 00
full_ack = 3355271419
|* Push Retransmission Queue *|
|* Push Packet *|
retransmission queue size = 5
TCP state transitioned from ESTABLISHED to FIN_WAIT_1
|* Retransmission *|
|* Retransmission *|
|* Retransmission *|
|* Retransmission *|
|* Retransmission *|
RX: 45 00 00 28 00 00 00 00 40 06 66 CE 0A 00 00 02 0A 00 00 01 A0 B8 00 50 C7 FD 60 BF C7 FD 60 ED 50 10 27 FB 81 26 00 00
|* Pop Retransmission Queue *|
|* Pop Packet *|
retransmission queue size = 4
TCP state transitioned from FIN_WAIT_1 to FIN_WAIT_2
RX: 45 00 00 28 00 00 00 00 40 06 66 CE 0A 00 00 02 0A 00 00 01 A0 B8 00 50 C7 FD 60 BF C7 FD 60 F2 50 10 27 F6 81 26 00 00
|* Pop Retransmission Queue *|
|* Pop Packet *|
retransmission queue size = 3
RX: 45 00 00 28 00 00 00 00 40 06 66 CE 0A 00 00 02 0A 00 00 01 A0 B8 00 50 C7 FD 60 BF C7 FD 60 F7 50 10 27 F1 81 26 00 00
|* Pop Retransmission Queue *|
|* Pop Packet *|
retransmission queue size = 2
RX: 45 00 00 28 00 00 00 00 40 06 66 CE 0A 00 00 02 0A 00 00 01 A0 B8 00 50 C7 FD 60 BF C7 FD 60 FA 50 10 27 EE 81 26 00 00
|* Pop Retransmission Queue *|
|* Pop Packet *|
retransmission queue size = 1
RX: 45 00 00 28 00 00 00 00 40 06 66 CE 0A 00 00 02 0A 00 00 01 A0 B8 00 50 C7 FD 60 BF C7 FD 60 FB 50 10 27 EE 81 25 00 00
|* Pop Retransmission Queue *|
|* Pop Packet *|
retransmission queue size = 0
RX: 45 00 00 28 00 00 00 00 40 06 66 CE 0A 00 00 02 0A 00 00 01 A0 B8 00 50 C7 FD 60 BF 00 00 00 00 50 01 28 00 AA 1B 00 00
TX: 45 00 00 28 00 00 00 00 40 06 66 CE 0A 00 00 01 0A 00 00 02 00 50 A0 B8 C7 FD 60 FB C7 FD 60 C0 50 10 28 00 81 12 00 00
TCP state transitioned from FIN_WAIT_2 to TIME_WAIT
TCP state transitioned from TIME_WAIT to TIME_WAIT
|* Time Wait *|
|* Retransmission *|
|* Retransmission *|
|* Retransmission *|
|* Retransmission *|
|* Retransmission *|
|* Retransmission *|
|* Retransmission *|
|* Retransmission *|
|* Retransmission *|
|* Retransmission *|
|* Retransmission *|
|* Retransmission *|
|* Retransmission *|
|* Retransmission *|
|* Retransmission *|
|* Retransmission *|
|* Retransmission *|
|* Retransmission *|
|* Retransmission *|
|* Retransmission *|
|* Time Wait *|
